Using pre-set license
Built from '2021.1/staging' branch; Version is '2021.1.15f1 (e767a7370072) revision 15165351'; Using compiler version '192528614'; Build Type 'Release'
OS: 'Windows 10 Enterprise; OS build 19045.3570; Version 2009; 64bit' Language: 'es' Physical Memory: 16253 MB
BatchMode: 1, IsHumanControllingUs: 0, StartBugReporterOnCrash: 0, Is64bit: 1, IsPro: 0

 COMMAND LINE ARGUMENTS:
C:\Program Files\Unity\Hub\Editor\2021.1.15f1\Editor\Unity.exe
-adb2
-batchMode
-noUpm
-name
AssetImportWorker0
-projectPath
C:/Users/jimenezmu/Documents/Videogame-design/DesignFirst
-logFile
Logs/AssetImportWorker0.log
-srvPort
54452
Successfully changed project path to: C:/Users/jimenezmu/Documents/Videogame-design/DesignFirst
C:/Users/jimenezmu/Documents/Videogame-design/DesignFirst
Using Asset Import Pipeline V2.
Refreshing native plugins compatible for Editor in 104.72 ms, found 3 plugins.
Preloading 0 native plugins for Editor in 0.00 ms.
Initialize engine version: 2021.1.15f1 (e767a7370072)
[Subsystems] Discovering subsystems at path C:/Program Files/Unity/Hub/Editor/2021.1.15f1/Editor/Data/Resources/UnitySubsystems
[Subsystems] Discovering subsystems at path C:/Users/jimenezmu/Documents/Videogame-design/DesignFirst/Assets
GfxDevice: creating device client; threaded=0; jobified=0
Direct3D:
    Version:  Direct3D 11.0 [level 11.1]
    Renderer: AMD Radeon RX 580 2048SP (ID=0x6fdf)
    Vendor:   ATI
    VRAM:     8170 MB
    Driver:   31.0.21018.6011
Initialize mono
Mono path[0] = 'C:/Program Files/Unity/Hub/Editor/2021.1.15f1/Editor/Data/Managed'
Mono path[1] = 'C:/Program Files/Unity/Hub/Editor/2021.1.15f1/Editor/Data/MonoBleedingEdge/lib/mono/unityjit'
Mono config path = 'C:/Program Files/Unity/Hub/Editor/2021.1.15f1/Editor/Data/MonoBleedingEdge/etc'
Using monoOptions --debugger-agent=transport=dt_socket,embedding=1,server=y,suspend=n,address=127.0.0.1:56388
Begin MonoManager ReloadAssembly
Registering precompiled unity dll's ...
Register platform support module: C:/Program Files/Unity/Hub/Editor/2021.1.15f1/Editor/Data/PlaybackEngines/WindowsStandaloneSupport/UnityEditor.WindowsStandalone.Extensions.dll
Registered in 0.004941 seconds.
Native extension for WindowsStandalone target not found
Refreshing native plugins compatible for Editor in 922.29 ms, found 3 plugins.
Preloading 0 native plugins for Editor in 0.00 ms.
Mono: successfully reloaded assembly
- Completed reload, in  4.212 seconds
Domain Reload Profiling:
	ReloadAssembly (4212ms)
		BeginReloadAssembly (111ms)
			ExecutionOrderSort (0ms)
			DisableScriptedObjects (0ms)
			BackupInstance (0ms)
			ReleaseScriptingObjects (0ms)
			CreateAndSetChildDomain (1ms)
		EndReloadAssembly (1543ms)
			LoadAssemblies (96ms)
			RebuildTransferFunctionScriptingTraits (0ms)
			SetupTypeCache (236ms)
			ReleaseScriptCaches (0ms)
			RebuildScriptCaches (38ms)
			SetupLoadedEditorAssemblies (1200ms)
				LogAssemblyErrors (0ms)
				InitializePlatformSupportModulesInManaged (9ms)
				SetLoadedEditorAssemblies (0ms)
				RefreshPlugins (922ms)
				BeforeProcessingInitializeOnLoad (2ms)
				ProcessInitializeOnLoadAttributes (217ms)
				ProcessInitializeOnLoadMethodAttributes (49ms)
				AfterProcessingInitializeOnLoad (0ms)
				EditorAssembliesLoaded (0ms)
			ExecutionOrderSort2 (0ms)
			AwakeInstancesAfterBackupRestoration (0ms)
Platform modules already initialized, skipping
Registering precompiled user dll's ...
Registered in 0.014837 seconds.
Begin MonoManager ReloadAssembly
Symbol file LoadedFromMemory doesn't match image C:\Users\jimenezmu\Documents\Videogame-design\DesignFirst\Library\PackageCache\com.unity.visualscripting@1.6.1\Editor\VisualScripting.Core\Dependencies\YamlDotNet\Unity.VisualScripting.YamlDotNet.dll
Symbol file LoadedFromMemory doesn't match image C:\Users\jimenezmu\Documents\Videogame-design\DesignFirst\Library\PackageCache\com.unity.visualscripting@1.6.1\Editor\VisualScripting.Core\Dependencies\DotNetZip\Unity.VisualScripting.IonicZip.dll
Native extension for WindowsStandalone target not found
Refreshing native plugins compatible for Editor in 0.74 ms, found 3 plugins.
Preloading 0 native plugins for Editor in 0.00 ms.
Mono: successfully reloaded assembly
- Completed reload, in  2.266 seconds
Domain Reload Profiling:
	ReloadAssembly (2266ms)
		BeginReloadAssembly (216ms)
			ExecutionOrderSort (0ms)
			DisableScriptedObjects (6ms)
			BackupInstance (0ms)
			ReleaseScriptingObjects (0ms)
			CreateAndSetChildDomain (29ms)
		EndReloadAssembly (1943ms)
			LoadAssemblies (137ms)
			RebuildTransferFunctionScriptingTraits (0ms)
			SetupTypeCache (999ms)
			ReleaseScriptCaches (1ms)
			RebuildScriptCaches (65ms)
			SetupLoadedEditorAssemblies (569ms)
				LogAssemblyErrors (0ms)
				InitializePlatformSupportModulesInManaged (7ms)
				SetLoadedEditorAssemblies (1ms)
				RefreshPlugins (1ms)
				BeforeProcessingInitializeOnLoad (136ms)
				ProcessInitializeOnLoadAttributes (401ms)
				ProcessInitializeOnLoadMethodAttributes (7ms)
				AfterProcessingInitializeOnLoad (17ms)
				EditorAssembliesLoaded (0ms)
			ExecutionOrderSort2 (0ms)
			AwakeInstancesAfterBackupRestoration (8ms)
Platform modules already initialized, skipping
========================================================================
Worker process is ready to serve import requests
Launched and connected shader compiler UnityShaderCompiler.exe after 0.06 seconds
Refreshing native plugins compatible for Editor in 0.75 ms, found 3 plugins.
Preloading 0 native plugins for Editor in 0.00 ms.
Unloading 2945 Unused Serialized files (Serialized files now loaded: 0)
System memory in use before: 105.8 MB.
System memory in use after: 105.9 MB.

Unloading 23 unused Assets to reduce memory usage. Loaded Objects now: 3389.
Total: 3.001200 ms (FindLiveObjects: 0.310000 ms CreateObjectMapping: 0.286300 ms MarkObjects: 2.311900 ms  DeleteObjects: 0.090900 ms)

AssetImportParameters requested are different than current active one (requested -> active):
  custom:framework-win-MediaFoundation: 216162199b28c13a410421893ffa2e32 -> 
  custom:video-decoder-ogg-theora: a1e56fd34408186e4bbccfd4996cb3dc -> 
  custom:container-muxer-webm: aa71ff27fc2769a1b78a27578f13a17b -> 
  custom:container-demuxer-webm: 4f35f7cbe854078d1ac9338744f61a02 -> 
  custom:container-demuxer-ogg: 62fdf1f143b41e24485cea50d1cbac27 -> 
  custom:video-encoder-webm-vp8: eb34c28f22e8b96e1ab97ce403110664 -> 
  custom:video-decoder-webm-vp8: 9c59270c3fd7afecdb556c50c9e8de78 -> 
  custom:audio-decoder-ogg-vorbis: bf7c407c2cedff20999df2af8eb42d56 -> 
  custom:audio-encoder-webm-vorbis: bf7c407c2cedff20999df2af8eb42d56 -> 
========================================================================
Received Import Request.
  path: Assets/Games/AutoRunner/Scripts/FloorController.cs
  artifactKey: Guid(0a3b3a9b25e5a2145b89e84c8429e470) Importer(815301076,1909f56bfc062723c751e8b465ee728b)
Start importing Assets/Games/AutoRunner/Scripts/FloorController.cs using Guid(0a3b3a9b25e5a2145b89e84c8429e470) Importer(815301076,1909f56bfc062723c751e8b465ee728b)  -> (artifact id: '67337bca946fabe812ec1edfcf36e6db') in 0.037983 seconds 
========================================================================
Received Import Request.
  Time since last request: 165.680413 seconds.
  path: Assets/Games/AutoRunner/Prefabs
  artifactKey: Guid(869b16558bf32e045af5697987da552e) Importer(815301076,1909f56bfc062723c751e8b465ee728b)
Start importing Assets/Games/AutoRunner/Prefabs using Guid(869b16558bf32e045af5697987da552e) Importer(815301076,1909f56bfc062723c751e8b465ee728b)  -> (artifact id: '57397f1f80b158b80a77791b306ab90b') in 0.016915 seconds 
========================================================================
Received Import Request.
  Time since last request: 8.213355 seconds.
  path: Assets/Games/AutoRunner/Prefabs/floor.prefab
  artifactKey: Guid(a6b934bccb9cb0b4faafa9512d8c4647) Importer(815301076,1909f56bfc062723c751e8b465ee728b)
Start importing Assets/Games/AutoRunner/Prefabs/floor.prefab using Guid(a6b934bccb9cb0b4faafa9512d8c4647) Importer(815301076,1909f56bfc062723c751e8b465ee728b)  -> (artifact id: '25c9c41ec7f6972f8e0d2823dd1ce7c1') in 0.127249 seconds 
========================================================================
Received Import Request.
  Time since last request: 18.130706 seconds.
  path: Assets/Games/AutoRunner/Prefabs/floor Variant.prefab
  artifactKey: Guid(5346b814a864594488ad88a247fea385) Importer(815301076,1909f56bfc062723c751e8b465ee728b)
Start importing Assets/Games/AutoRunner/Prefabs/floor Variant.prefab using Guid(5346b814a864594488ad88a247fea385) Importer(815301076,1909f56bfc062723c751e8b465ee728b)  -> (artifact id: '1061c5bd29817ae537074a0fbea4bdf1') in 0.025948 seconds 
========================================================================
Received Import Request.
  Time since last request: 9.645089 seconds.
  path: Assets/Games/AutoRunner/Prefabs/thinfloor.prefab
  artifactKey: Guid(5346b814a864594488ad88a247fea385) Importer(815301076,1909f56bfc062723c751e8b465ee728b)
Start importing Assets/Games/AutoRunner/Prefabs/thinfloor.prefab using Guid(5346b814a864594488ad88a247fea385) Importer(815301076,1909f56bfc062723c751e8b465ee728b)  -> (artifact id: 'bd9e011343233e2470002c7237bdb3b2') in 0.028532 seconds 
========================================================================
Received Import Request.
  Time since last request: 13.912072 seconds.
  path: Assets/Games/AutoRunner/Prefabs/thinfloor.prefab
  artifactKey: Guid(5346b814a864594488ad88a247fea385) Importer(815301076,1909f56bfc062723c751e8b465ee728b)
Start importing Assets/Games/AutoRunner/Prefabs/thinfloor.prefab using Guid(5346b814a864594488ad88a247fea385) Importer(815301076,1909f56bfc062723c751e8b465ee728b)  -> (artifact id: 'a435e528f1e203e2534b23810c7c6ef4') in 0.025184 seconds 
========================================================================
Received Import Request.
  Time since last request: 1.172070 seconds.
  path: Assets/Games/AutoRunner/Prefabs/thinfloor.prefab
  artifactKey: Guid(5346b814a864594488ad88a247fea385) Importer(815301076,1909f56bfc062723c751e8b465ee728b)
Start importing Assets/Games/AutoRunner/Prefabs/thinfloor.prefab using Guid(5346b814a864594488ad88a247fea385) Importer(815301076,1909f56bfc062723c751e8b465ee728b)  -> (artifact id: 'd4a6f2f884b3f15bc6cfba59d5abc671') in 0.017695 seconds 
========================================================================
Received Import Request.
  Time since last request: 4.520765 seconds.
  path: Assets/Games/AutoRunner/Prefabs/thinfloor.prefab
  artifactKey: Guid(5346b814a864594488ad88a247fea385) Importer(815301076,1909f56bfc062723c751e8b465ee728b)
Start importing Assets/Games/AutoRunner/Prefabs/thinfloor.prefab using Guid(5346b814a864594488ad88a247fea385) Importer(815301076,1909f56bfc062723c751e8b465ee728b)  -> (artifact id: '2f1fb1ff0a61188435cd497feb7dfdd9') in 0.025847 seconds 
========================================================================
Received Prepare
Registering precompiled user dll's ...
Registered in 0.296481 seconds.
Begin MonoManager ReloadAssembly
Symbol file LoadedFromMemory doesn't match image C:\Users\jimenezmu\Documents\Videogame-design\DesignFirst\Library\PackageCache\com.unity.visualscripting@1.6.1\Editor\VisualScripting.Core\Dependencies\YamlDotNet\Unity.VisualScripting.YamlDotNet.dll
Symbol file LoadedFromMemory doesn't match image C:\Users\jimenezmu\Documents\Videogame-design\DesignFirst\Library\PackageCache\com.unity.visualscripting@1.6.1\Editor\VisualScripting.Core\Dependencies\DotNetZip\Unity.VisualScripting.IonicZip.dll
Native extension for WindowsStandalone target not found
Refreshing native plugins compatible for Editor in 0.67 ms, found 3 plugins.
Preloading 0 native plugins for Editor in 0.00 ms.
Mono: successfully reloaded assembly
- Completed reload, in  1.498 seconds
Domain Reload Profiling:
	ReloadAssembly (1498ms)
		BeginReloadAssembly (159ms)
			ExecutionOrderSort (0ms)
			DisableScriptedObjects (5ms)
			BackupInstance (0ms)
			ReleaseScriptingObjects (0ms)
			CreateAndSetChildDomain (43ms)
		EndReloadAssembly (1250ms)
			LoadAssemblies (123ms)
			RebuildTransferFunctionScriptingTraits (0ms)
			SetupTypeCache (412ms)
			ReleaseScriptCaches (1ms)
			RebuildScriptCaches (46ms)
			SetupLoadedEditorAssemblies (555ms)
				LogAssemblyErrors (0ms)
				InitializePlatformSupportModulesInManaged (6ms)
				SetLoadedEditorAssemblies (0ms)
				RefreshPlugins (1ms)
				BeforeProcessingInitializeOnLoad (74ms)
				ProcessInitializeOnLoadAttributes (452ms)
				ProcessInitializeOnLoadMethodAttributes (5ms)
				AfterProcessingInitializeOnLoad (17ms)
				EditorAssembliesLoaded (0ms)
			ExecutionOrderSort2 (0ms)
			AwakeInstancesAfterBackupRestoration (8ms)
Platform modules already initialized, skipping
Refreshing native plugins compatible for Editor in 0.75 ms, found 3 plugins.
Preloading 0 native plugins for Editor in 0.00 ms.
Unloading 2940 Unused Serialized files (Serialized files now loaded: 0)
System memory in use before: 109.4 MB.
System memory in use after: 109.6 MB.

Unloading 18 unused Assets to reduce memory usage. Loaded Objects now: 3400.
Total: 2.949400 ms (FindLiveObjects: 0.258000 ms CreateObjectMapping: 0.147200 ms MarkObjects: 2.460100 ms  DeleteObjects: 0.082600 ms)

AssetImportParameters requested are different than current active one (requested -> active):
  custom:framework-win-MediaFoundation: 216162199b28c13a410421893ffa2e32 -> 
  custom:video-decoder-ogg-theora: a1e56fd34408186e4bbccfd4996cb3dc -> 
  custom:container-muxer-webm: aa71ff27fc2769a1b78a27578f13a17b -> 
  custom:container-demuxer-webm: 4f35f7cbe854078d1ac9338744f61a02 -> 
  custom:container-demuxer-ogg: 62fdf1f143b41e24485cea50d1cbac27 -> 
  custom:video-encoder-webm-vp8: eb34c28f22e8b96e1ab97ce403110664 -> 
  custom:video-decoder-webm-vp8: 9c59270c3fd7afecdb556c50c9e8de78 -> 
  custom:audio-decoder-ogg-vorbis: bf7c407c2cedff20999df2af8eb42d56 -> 
  custom:audio-encoder-webm-vorbis: bf7c407c2cedff20999df2af8eb42d56 -> 
AssetImportWorkerClient::OnTransportError - code=2 error=End of file
