Using pre-set license
Built from '2021.3/staging' branch; Version is '2021.3.18f1 (3129e69bc0c7) revision 3221990'; Using compiler version '192829333'; Build Type 'Release'
OS: 'Windows 10  (10.0.19045) 64bit Enterprise' Language: 'es' Physical Memory: 16253 MB
BatchMode: 1, IsHumanControllingUs: 0, StartBugReporterOnCrash: 0, Is64bit: 1, IsPro: 1

COMMAND LINE ARGUMENTS:
C:\Program Files\Unity 2021.3.18f1\Editor\Unity.exe
-adb2
-batchMode
-noUpm
-name
AssetImportWorker2
-projectPath
C:/Users/jimenezmu/Documents/Videogame-design/GalacticComrade
-logFile
Logs/AssetImportWorker2.log
-srvPort
56382
Successfully changed project path to: C:/Users/jimenezmu/Documents/Videogame-design/GalacticComrade
C:/Users/jimenezmu/Documents/Videogame-design/GalacticComrade
[UnityMemory] Configuration Parameters - Can be set up in boot.config
    "memorysetup-bucket-allocator-granularity=16"
    "memorysetup-bucket-allocator-bucket-count=8"
    "memorysetup-bucket-allocator-block-size=33554432"
    "memorysetup-bucket-allocator-block-count=8"
    "memorysetup-main-allocator-block-size=16777216"
    "memorysetup-thread-allocator-block-size=16777216"
    "memorysetup-gfx-main-allocator-block-size=16777216"
    "memorysetup-gfx-thread-allocator-block-size=16777216"
    "memorysetup-cache-allocator-block-size=4194304"
    "memorysetup-typetree-allocator-block-size=2097152"
    "memorysetup-profiler-bucket-allocator-granularity=16"
    "memorysetup-profiler-bucket-allocator-bucket-count=8"
    "memorysetup-profiler-bucket-allocator-block-size=33554432"
    "memorysetup-profiler-bucket-allocator-block-count=8"
    "memorysetup-profiler-allocator-block-size=16777216"
    "memorysetup-profiler-editor-allocator-block-size=1048576"
    "memorysetup-temp-allocator-size-main=16777216"
    "memorysetup-job-temp-allocator-block-size=2097152"
    "memorysetup-job-temp-allocator-block-size-background=1048576"
    "memorysetup-job-temp-allocator-reduction-small-platforms=262144"
    "memorysetup-temp-allocator-size-background-worker=32768"
    "memorysetup-temp-allocator-size-job-worker=262144"
    "memorysetup-temp-allocator-size-preload-manager=33554432"
    "memorysetup-temp-allocator-size-nav-mesh-worker=65536"
    "memorysetup-temp-allocator-size-audio-worker=65536"
    "memorysetup-temp-allocator-size-cloud-worker=32768"
    "memorysetup-temp-allocator-size-gi-baking-worker=262144"
    "memorysetup-temp-allocator-size-gfx=262144"
Player connection [4876] Host "[IP] 172.17.2.2 [Port] 0 [Flags] 2 [Guid] 1444452107 [EditorId] 1444452107 [Version] 1048832 [Id] WindowsEditor(7,MA2-02) [Debug] 1 [PackageName] WindowsEditor [ProjectName] Editor" joined multi-casting on [225.0.0.222:54997]...

Player connection [4876] Host "[IP] 172.17.2.2 [Port] 0 [Flags] 2 [Guid] 1444452107 [EditorId] 1444452107 [Version] 1048832 [Id] WindowsEditor(7,MA2-02) [Debug] 1 [PackageName] WindowsEditor [ProjectName] Editor" joined alternative multi-casting on [225.0.0.222:34997]...

Refreshing native plugins compatible for Editor in 154.93 ms, found 3 plugins.
Preloading 0 native plugins for Editor in 0.00 ms.
Initialize engine version: 2021.3.18f1 (3129e69bc0c7)
[Subsystems] Discovering subsystems at path C:/Program Files/Unity 2021.3.18f1/Editor/Data/Resources/UnitySubsystems
[Subsystems] Discovering subsystems at path C:/Users/jimenezmu/Documents/Videogame-design/GalacticComrade/Assets
GfxDevice: creating device client; threaded=0; jobified=0
Direct3D:
    Version:  Direct3D 11.0 [level 11.1]
    Renderer: AMD Radeon RX 580 2048SP (ID=0x6fdf)
    Vendor:   ATI
    VRAM:     8170 MB
    Driver:   31.0.21018.6011
Initialize mono
Mono path[0] = 'C:/Program Files/Unity 2021.3.18f1/Editor/Data/Managed'
Mono path[1] = 'C:/Program Files/Unity 2021.3.18f1/Editor/Data/MonoBleedingEdge/lib/mono/unityjit-win32'
Mono config path = 'C:/Program Files/Unity 2021.3.18f1/Editor/Data/MonoBleedingEdge/etc'
Using monoOptions --debugger-agent=transport=dt_socket,embedding=1,server=y,suspend=n,address=127.0.0.1:56192
Begin MonoManager ReloadAssembly
Registering precompiled unity dll's ...
Register platform support module: C:/Program Files/Unity 2021.3.18f1/Editor/Data/PlaybackEngines/WindowsStandaloneSupport/UnityEditor.WindowsStandalone.Extensions.dll
Registered in 0.016909 seconds.
Native extension for WindowsStandalone target not found
Refreshing native plugins compatible for Editor in 142.22 ms, found 3 plugins.
Preloading 0 native plugins for Editor in 0.00 ms.
Mono: successfully reloaded assembly
- Completed reload, in  1.147 seconds
Domain Reload Profiling:
	ReloadAssembly (1148ms)
		BeginReloadAssembly (180ms)
			ExecutionOrderSort (0ms)
			DisableScriptedObjects (0ms)
			BackupInstance (0ms)
			ReleaseScriptingObjects (0ms)
			CreateAndSetChildDomain (1ms)
		EndReloadAssembly (748ms)
			LoadAssemblies (173ms)
			RebuildTransferFunctionScriptingTraits (0ms)
			SetupTypeCache (165ms)
			ReleaseScriptCaches (0ms)
			RebuildScriptCaches (43ms)
			SetupLoadedEditorAssemblies (434ms)
				LogAssemblyErrors (0ms)
				InitializePlatformSupportModulesInManaged (14ms)
				SetLoadedEditorAssemblies (0ms)
				RefreshPlugins (142ms)
				BeforeProcessingInitializeOnLoad (2ms)
				ProcessInitializeOnLoadAttributes (203ms)
				ProcessInitializeOnLoadMethodAttributes (73ms)
				AfterProcessingInitializeOnLoad (0ms)
				EditorAssembliesLoaded (0ms)
			ExecutionOrderSort2 (0ms)
			AwakeInstancesAfterBackupRestoration (0ms)
Platform modules already initialized, skipping
Registering precompiled user dll's ...
Registered in 0.013478 seconds.
Begin MonoManager ReloadAssembly
Symbol file LoadedFromMemory doesn't match image C:\Users\jimenezmu\Documents\Videogame-design\GalacticComrade\Library\PackageCache\com.unity.visualscripting@1.8.0\Editor\VisualScripting.Core\Dependencies\YamlDotNet\Unity.VisualScripting.YamlDotNet.dll
Symbol file LoadedFromMemory doesn't match image C:\Users\jimenezmu\Documents\Videogame-design\GalacticComrade\Library\PackageCache\com.unity.visualscripting@1.8.0\Editor\VisualScripting.Core\Dependencies\DotNetZip\Unity.VisualScripting.IonicZip.dll
Native extension for WindowsStandalone target not found
Refreshing native plugins compatible for Editor in 0.75 ms, found 3 plugins.
Preloading 0 native plugins for Editor in 0.00 ms.
Mono: successfully reloaded assembly
- Completed reload, in  1.613 seconds
Domain Reload Profiling:
	ReloadAssembly (1614ms)
		BeginReloadAssembly (186ms)
			ExecutionOrderSort (0ms)
			DisableScriptedObjects (9ms)
			BackupInstance (0ms)
			ReleaseScriptingObjects (0ms)
			CreateAndSetChildDomain (26ms)
		EndReloadAssembly (1251ms)
			LoadAssemblies (145ms)
			RebuildTransferFunctionScriptingTraits (0ms)
			SetupTypeCache (456ms)
			ReleaseScriptCaches (1ms)
			RebuildScriptCaches (77ms)
			SetupLoadedEditorAssemblies (534ms)
				LogAssemblyErrors (0ms)
				InitializePlatformSupportModulesInManaged (9ms)
				SetLoadedEditorAssemblies (1ms)
				RefreshPlugins (1ms)
				BeforeProcessingInitializeOnLoad (128ms)
				ProcessInitializeOnLoadAttributes (340ms)
				ProcessInitializeOnLoadMethodAttributes (31ms)
				AfterProcessingInitializeOnLoad (23ms)
				EditorAssembliesLoaded (0ms)
			ExecutionOrderSort2 (0ms)
			AwakeInstancesAfterBackupRestoration (9ms)
Platform modules already initialized, skipping
========================================================================
Worker process is ready to serve import requests
Launched and connected shader compiler UnityShaderCompiler.exe after 0.06 seconds
Refreshing native plugins compatible for Editor in 0.78 ms, found 3 plugins.
Preloading 0 native plugins for Editor in 0.00 ms.
Unloading 3073 Unused Serialized files (Serialized files now loaded: 0)
Unloading 24 unused Assets / (113.4 KB). Loaded Objects now: 3535.
Memory consumption went from 108.4 MB to 108.3 MB.
Total: 4.699600 ms (FindLiveObjects: 0.475600 ms CreateObjectMapping: 0.821300 ms MarkObjects: 3.273800 ms  DeleteObjects: 0.127700 ms)

AssetImportParameters requested are different than current active one (requested -> active):
  custom:video-decoder-ogg-theora: a1e56fd34408186e4bbccfd4996cb3dc -> 
  custom:container-muxer-webm: aa71ff27fc2769a1b78a27578f13a17b -> 
  custom:container-demuxer-webm: 4f35f7cbe854078d1ac9338744f61a02 -> 
  custom:video-encoder-webm-vp8: eb34c28f22e8b96e1ab97ce403110664 -> 
  custom:audio-encoder-webm-vorbis: bf7c407c2cedff20999df2af8eb42d56 -> 
  custom:framework-win-MediaFoundation: 216162199b28c13a410421893ffa2e32 -> 
  custom:container-demuxer-ogg: 62fdf1f143b41e24485cea50d1cbac27 -> 
  custom:video-decoder-webm-vp8: 9c59270c3fd7afecdb556c50c9e8de78 -> 
  custom:audio-decoder-ogg-vorbis: bf7c407c2cedff20999df2af8eb42d56 -> 
========================================================================
Received Import Request.
  Time since last request: 757221.990546 seconds.
  path: Assets/Sprite Assets/Example_ships/1B.png
  artifactKey: Guid(8cf69592a9a02f643b0e16bc4e82ac9d) Importer(815301076,1909f56bfc062723c751e8b465ee728b)
Start importing Assets/Sprite Assets/Example_ships/1B.png using Guid(8cf69592a9a02f643b0e16bc4e82ac9d) Importer(815301076,1909f56bfc062723c751e8b465ee728b)  -> (artifact id: '569558842cff50e1a7eac3b3f13a2a91') in 0.416377 seconds 
========================================================================
Received Import Request.
  Time since last request: 0.000035 seconds.
  path: Assets/Sprite Assets/Example_ships/9.png
  artifactKey: Guid(21fce7c272a843641b190e244b9e3889) Importer(815301076,1909f56bfc062723c751e8b465ee728b)
Start importing Assets/Sprite Assets/Example_ships/9.png using Guid(21fce7c272a843641b190e244b9e3889) Importer(815301076,1909f56bfc062723c751e8b465ee728b)  -> (artifact id: '126c6f997be0b8fda0d11ddaa6ca7111') in 0.050846 seconds 
========================================================================
Received Import Request.
  Time since last request: 0.000038 seconds.
  path: Assets/Sprite Assets/Example_ships/4B.png
  artifactKey: Guid(d425f6916628b2544bf44db8b4e5bbb6) Importer(815301076,1909f56bfc062723c751e8b465ee728b)
Start importing Assets/Sprite Assets/Example_ships/4B.png using Guid(d425f6916628b2544bf44db8b4e5bbb6) Importer(815301076,1909f56bfc062723c751e8b465ee728b)  -> (artifact id: '262383581070bd64322bd19cc34a4df1') in 0.037590 seconds 
========================================================================
Received Import Request.
  Time since last request: 0.000022 seconds.
  path: Assets/Sprite Assets/Example_ships/4.png
  artifactKey: Guid(72837a5ac1367d741a2b7e9664c51c42) Importer(815301076,1909f56bfc062723c751e8b465ee728b)
Start importing Assets/Sprite Assets/Example_ships/4.png using Guid(72837a5ac1367d741a2b7e9664c51c42) Importer(815301076,1909f56bfc062723c751e8b465ee728b)  -> (artifact id: 'faccbdb13d99bb8fd6d3955000791d54') in 0.245128 seconds 
========================================================================
Received Prepare
Registering precompiled user dll's ...
Registered in 0.052488 seconds.
Begin MonoManager ReloadAssembly
Symbol file LoadedFromMemory doesn't match image C:\Users\jimenezmu\Documents\Videogame-design\GalacticComrade\Library\PackageCache\com.unity.visualscripting@1.8.0\Editor\VisualScripting.Core\Dependencies\YamlDotNet\Unity.VisualScripting.YamlDotNet.dll
Symbol file LoadedFromMemory doesn't match image C:\Users\jimenezmu\Documents\Videogame-design\GalacticComrade\Library\PackageCache\com.unity.visualscripting@1.8.0\Editor\VisualScripting.Core\Dependencies\DotNetZip\Unity.VisualScripting.IonicZip.dll
Native extension for WindowsStandalone target not found
Refreshing native plugins compatible for Editor in 0.77 ms, found 3 plugins.
Preloading 0 native plugins for Editor in 0.00 ms.
Mono: successfully reloaded assembly
- Completed reload, in  4.670 seconds
Domain Reload Profiling:
	ReloadAssembly (4672ms)
		BeginReloadAssembly (738ms)
			ExecutionOrderSort (0ms)
			DisableScriptedObjects (34ms)
			BackupInstance (0ms)
			ReleaseScriptingObjects (0ms)
			CreateAndSetChildDomain (172ms)
		EndReloadAssembly (3366ms)
			LoadAssemblies (535ms)
			RebuildTransferFunctionScriptingTraits (0ms)
			SetupTypeCache (1150ms)
			ReleaseScriptCaches (3ms)
			RebuildScriptCaches (132ms)
			SetupLoadedEditorAssemblies (1502ms)
				LogAssemblyErrors (0ms)
				InitializePlatformSupportModulesInManaged (72ms)
				SetLoadedEditorAssemblies (1ms)
				RefreshPlugins (1ms)
				BeforeProcessingInitializeOnLoad (381ms)
				ProcessInitializeOnLoadAttributes (885ms)
				ProcessInitializeOnLoadMethodAttributes (120ms)
				AfterProcessingInitializeOnLoad (43ms)
				EditorAssembliesLoaded (0ms)
			ExecutionOrderSort2 (0ms)
			AwakeInstancesAfterBackupRestoration (28ms)
Platform modules already initialized, skipping
Refreshing native plugins compatible for Editor in 25.45 ms, found 3 plugins.
Preloading 0 native plugins for Editor in 0.00 ms.
Unloading 3068 Unused Serialized files (Serialized files now loaded: 0)
Unloading 17 unused Assets / (79.8 KB). Loaded Objects now: 3554.
Memory consumption went from 112.6 MB to 112.5 MB.
Total: 5.391300 ms (FindLiveObjects: 0.669700 ms CreateObjectMapping: 0.179900 ms MarkObjects: 4.363200 ms  DeleteObjects: 0.177200 ms)

AssetImportParameters requested are different than current active one (requested -> active):
  custom:video-decoder-ogg-theora: a1e56fd34408186e4bbccfd4996cb3dc -> 
  custom:container-muxer-webm: aa71ff27fc2769a1b78a27578f13a17b -> 
  custom:container-demuxer-webm: 4f35f7cbe854078d1ac9338744f61a02 -> 
  custom:video-encoder-webm-vp8: eb34c28f22e8b96e1ab97ce403110664 -> 
  custom:audio-encoder-webm-vorbis: bf7c407c2cedff20999df2af8eb42d56 -> 
  custom:framework-win-MediaFoundation: 216162199b28c13a410421893ffa2e32 -> 
  custom:container-demuxer-ogg: 62fdf1f143b41e24485cea50d1cbac27 -> 
  custom:video-decoder-webm-vp8: 9c59270c3fd7afecdb556c50c9e8de78 -> 
  custom:audio-decoder-ogg-vorbis: bf7c407c2cedff20999df2af8eb42d56 -> 
========================================================================
Received Prepare
Registering precompiled user dll's ...
Registered in 0.012132 seconds.
Begin MonoManager ReloadAssembly
Symbol file LoadedFromMemory doesn't match image C:\Users\jimenezmu\Documents\Videogame-design\GalacticComrade\Library\PackageCache\com.unity.visualscripting@1.8.0\Editor\VisualScripting.Core\Dependencies\YamlDotNet\Unity.VisualScripting.YamlDotNet.dll
Symbol file LoadedFromMemory doesn't match image C:\Users\jimenezmu\Documents\Videogame-design\GalacticComrade\Library\PackageCache\com.unity.visualscripting@1.8.0\Editor\VisualScripting.Core\Dependencies\DotNetZip\Unity.VisualScripting.IonicZip.dll
Native extension for WindowsStandalone target not found
Refreshing native plugins compatible for Editor in 1.35 ms, found 3 plugins.
Preloading 0 native plugins for Editor in 0.00 ms.
Mono: successfully reloaded assembly
- Completed reload, in  1.750 seconds
Domain Reload Profiling:
	ReloadAssembly (1751ms)
		BeginReloadAssembly (216ms)
			ExecutionOrderSort (0ms)
			DisableScriptedObjects (7ms)
			BackupInstance (0ms)
			ReleaseScriptingObjects (0ms)
			CreateAndSetChildDomain (48ms)
		EndReloadAssembly (1376ms)
			LoadAssemblies (160ms)
			RebuildTransferFunctionScriptingTraits (0ms)
			SetupTypeCache (486ms)
			ReleaseScriptCaches (2ms)
			RebuildScriptCaches (69ms)
			SetupLoadedEditorAssemblies (573ms)
				LogAssemblyErrors (0ms)
				InitializePlatformSupportModulesInManaged (42ms)
				SetLoadedEditorAssemblies (2ms)
				RefreshPlugins (2ms)
				BeforeProcessingInitializeOnLoad (130ms)
				ProcessInitializeOnLoadAttributes (336ms)
				ProcessInitializeOnLoadMethodAttributes (36ms)
				AfterProcessingInitializeOnLoad (26ms)
				EditorAssembliesLoaded (0ms)
			ExecutionOrderSort2 (0ms)
			AwakeInstancesAfterBackupRestoration (10ms)
Platform modules already initialized, skipping
Refreshing native plugins compatible for Editor in 4.12 ms, found 3 plugins.
Preloading 0 native plugins for Editor in 0.00 ms.
Unloading 3068 Unused Serialized files (Serialized files now loaded: 0)
Unloading 17 unused Assets / (79.8 KB). Loaded Objects now: 3557.
Memory consumption went from 112.6 MB to 112.5 MB.
Total: 3.788500 ms (FindLiveObjects: 0.280800 ms CreateObjectMapping: 0.238700 ms MarkObjects: 3.161100 ms  DeleteObjects: 0.106800 ms)

AssetImportParameters requested are different than current active one (requested -> active):
  custom:video-decoder-ogg-theora: a1e56fd34408186e4bbccfd4996cb3dc -> 
  custom:container-muxer-webm: aa71ff27fc2769a1b78a27578f13a17b -> 
  custom:container-demuxer-webm: 4f35f7cbe854078d1ac9338744f61a02 -> 
  custom:video-encoder-webm-vp8: eb34c28f22e8b96e1ab97ce403110664 -> 
  custom:audio-encoder-webm-vorbis: bf7c407c2cedff20999df2af8eb42d56 -> 
  custom:framework-win-MediaFoundation: 216162199b28c13a410421893ffa2e32 -> 
  custom:container-demuxer-ogg: 62fdf1f143b41e24485cea50d1cbac27 -> 
  custom:video-decoder-webm-vp8: 9c59270c3fd7afecdb556c50c9e8de78 -> 
  custom:audio-decoder-ogg-vorbis: bf7c407c2cedff20999df2af8eb42d56 -> 
========================================================================
Received Prepare
Registering precompiled user dll's ...
Registered in 0.013012 seconds.
Begin MonoManager ReloadAssembly
Symbol file LoadedFromMemory doesn't match image C:\Users\jimenezmu\Documents\Videogame-design\GalacticComrade\Library\PackageCache\com.unity.visualscripting@1.8.0\Editor\VisualScripting.Core\Dependencies\YamlDotNet\Unity.VisualScripting.YamlDotNet.dll
Symbol file LoadedFromMemory doesn't match image C:\Users\jimenezmu\Documents\Videogame-design\GalacticComrade\Library\PackageCache\com.unity.visualscripting@1.8.0\Editor\VisualScripting.Core\Dependencies\DotNetZip\Unity.VisualScripting.IonicZip.dll
Native extension for WindowsStandalone target not found
Refreshing native plugins compatible for Editor in 0.68 ms, found 3 plugins.
Preloading 0 native plugins for Editor in 0.00 ms.
Mono: successfully reloaded assembly
- Completed reload, in  1.785 seconds
Domain Reload Profiling:
	ReloadAssembly (1786ms)
		BeginReloadAssembly (227ms)
			ExecutionOrderSort (0ms)
			DisableScriptedObjects (8ms)
			BackupInstance (0ms)
			ReleaseScriptingObjects (0ms)
			CreateAndSetChildDomain (41ms)
		EndReloadAssembly (1352ms)
			LoadAssemblies (181ms)
			RebuildTransferFunctionScriptingTraits (0ms)
			SetupTypeCache (450ms)
			ReleaseScriptCaches (3ms)
			RebuildScriptCaches (72ms)
			SetupLoadedEditorAssemblies (602ms)
				LogAssemblyErrors (0ms)
				InitializePlatformSupportModulesInManaged (22ms)
				SetLoadedEditorAssemblies (1ms)
				RefreshPlugins (1ms)
				BeforeProcessingInitializeOnLoad (133ms)
				ProcessInitializeOnLoadAttributes (382ms)
				ProcessInitializeOnLoadMethodAttributes (36ms)
				AfterProcessingInitializeOnLoad (28ms)
				EditorAssembliesLoaded (1ms)
			ExecutionOrderSort2 (0ms)
			AwakeInstancesAfterBackupRestoration (12ms)
Platform modules already initialized, skipping
Refreshing native plugins compatible for Editor in 3.38 ms, found 3 plugins.
Preloading 0 native plugins for Editor in 0.00 ms.
Unloading 3068 Unused Serialized files (Serialized files now loaded: 0)
Unloading 17 unused Assets / (79.9 KB). Loaded Objects now: 3560.
Memory consumption went from 112.6 MB to 112.5 MB.
Total: 5.093600 ms (FindLiveObjects: 0.592400 ms CreateObjectMapping: 0.505100 ms MarkObjects: 3.883800 ms  DeleteObjects: 0.111000 ms)

AssetImportParameters requested are different than current active one (requested -> active):
  custom:video-decoder-ogg-theora: a1e56fd34408186e4bbccfd4996cb3dc -> 
  custom:container-muxer-webm: aa71ff27fc2769a1b78a27578f13a17b -> 
  custom:container-demuxer-webm: 4f35f7cbe854078d1ac9338744f61a02 -> 
  custom:video-encoder-webm-vp8: eb34c28f22e8b96e1ab97ce403110664 -> 
  custom:audio-encoder-webm-vorbis: bf7c407c2cedff20999df2af8eb42d56 -> 
  custom:framework-win-MediaFoundation: 216162199b28c13a410421893ffa2e32 -> 
  custom:container-demuxer-ogg: 62fdf1f143b41e24485cea50d1cbac27 -> 
  custom:video-decoder-webm-vp8: 9c59270c3fd7afecdb556c50c9e8de78 -> 
  custom:audio-decoder-ogg-vorbis: bf7c407c2cedff20999df2af8eb42d56 -> 
========================================================================
Received Prepare
Registering precompiled user dll's ...
Registered in 0.013029 seconds.
Begin MonoManager ReloadAssembly
Symbol file LoadedFromMemory doesn't match image C:\Users\jimenezmu\Documents\Videogame-design\GalacticComrade\Library\PackageCache\com.unity.visualscripting@1.8.0\Editor\VisualScripting.Core\Dependencies\YamlDotNet\Unity.VisualScripting.YamlDotNet.dll
Symbol file LoadedFromMemory doesn't match image C:\Users\jimenezmu\Documents\Videogame-design\GalacticComrade\Library\PackageCache\com.unity.visualscripting@1.8.0\Editor\VisualScripting.Core\Dependencies\DotNetZip\Unity.VisualScripting.IonicZip.dll
Native extension for WindowsStandalone target not found
Refreshing native plugins compatible for Editor in 0.78 ms, found 3 plugins.
Preloading 0 native plugins for Editor in 0.00 ms.
Mono: successfully reloaded assembly
- Completed reload, in  1.689 seconds
Domain Reload Profiling:
	ReloadAssembly (1690ms)
		BeginReloadAssembly (202ms)
			ExecutionOrderSort (0ms)
			DisableScriptedObjects (7ms)
			BackupInstance (0ms)
			ReleaseScriptingObjects (0ms)
			CreateAndSetChildDomain (41ms)
		EndReloadAssembly (1336ms)
			LoadAssemblies (154ms)
			RebuildTransferFunctionScriptingTraits (0ms)
			SetupTypeCache (480ms)
			ReleaseScriptCaches (5ms)
			RebuildScriptCaches (68ms)
			SetupLoadedEditorAssemblies (551ms)
				LogAssemblyErrors (0ms)
				InitializePlatformSupportModulesInManaged (23ms)
				SetLoadedEditorAssemblies (1ms)
				RefreshPlugins (1ms)
				BeforeProcessingInitializeOnLoad (126ms)
				ProcessInitializeOnLoadAttributes (337ms)
				ProcessInitializeOnLoadMethodAttributes (36ms)
				AfterProcessingInitializeOnLoad (27ms)
				EditorAssembliesLoaded (0ms)
			ExecutionOrderSort2 (0ms)
			AwakeInstancesAfterBackupRestoration (11ms)
Platform modules already initialized, skipping
Refreshing native plugins compatible for Editor in 3.44 ms, found 3 plugins.
Preloading 0 native plugins for Editor in 0.00 ms.
Unloading 3068 Unused Serialized files (Serialized files now loaded: 0)
Unloading 17 unused Assets / (79.9 KB). Loaded Objects now: 3563.
Memory consumption went from 112.6 MB to 112.5 MB.
Total: 3.569500 ms (FindLiveObjects: 0.327000 ms CreateObjectMapping: 0.243200 ms MarkObjects: 2.894300 ms  DeleteObjects: 0.103700 ms)

AssetImportParameters requested are different than current active one (requested -> active):
  custom:video-decoder-ogg-theora: a1e56fd34408186e4bbccfd4996cb3dc -> 
  custom:container-muxer-webm: aa71ff27fc2769a1b78a27578f13a17b -> 
  custom:container-demuxer-webm: 4f35f7cbe854078d1ac9338744f61a02 -> 
  custom:video-encoder-webm-vp8: eb34c28f22e8b96e1ab97ce403110664 -> 
  custom:audio-encoder-webm-vorbis: bf7c407c2cedff20999df2af8eb42d56 -> 
  custom:framework-win-MediaFoundation: 216162199b28c13a410421893ffa2e32 -> 
  custom:container-demuxer-ogg: 62fdf1f143b41e24485cea50d1cbac27 -> 
  custom:video-decoder-webm-vp8: 9c59270c3fd7afecdb556c50c9e8de78 -> 
  custom:audio-decoder-ogg-vorbis: bf7c407c2cedff20999df2af8eb42d56 -> 
========================================================================
Received Prepare
Registering precompiled user dll's ...
Registered in 0.012667 seconds.
Begin MonoManager ReloadAssembly
Symbol file LoadedFromMemory doesn't match image C:\Users\jimenezmu\Documents\Videogame-design\GalacticComrade\Library\PackageCache\com.unity.visualscripting@1.8.0\Editor\VisualScripting.Core\Dependencies\YamlDotNet\Unity.VisualScripting.YamlDotNet.dll
Symbol file LoadedFromMemory doesn't match image C:\Users\jimenezmu\Documents\Videogame-design\GalacticComrade\Library\PackageCache\com.unity.visualscripting@1.8.0\Editor\VisualScripting.Core\Dependencies\DotNetZip\Unity.VisualScripting.IonicZip.dll
Native extension for WindowsStandalone target not found
Refreshing native plugins compatible for Editor in 1.02 ms, found 3 plugins.
Preloading 0 native plugins for Editor in 0.00 ms.
Mono: successfully reloaded assembly
- Completed reload, in  1.719 seconds
Domain Reload Profiling:
	ReloadAssembly (1720ms)
		BeginReloadAssembly (212ms)
			ExecutionOrderSort (0ms)
			DisableScriptedObjects (9ms)
			BackupInstance (0ms)
			ReleaseScriptingObjects (0ms)
			CreateAndSetChildDomain (42ms)
		EndReloadAssembly (1347ms)
			LoadAssemblies (151ms)
			RebuildTransferFunctionScriptingTraits (0ms)
			SetupTypeCache (465ms)
			ReleaseScriptCaches (2ms)
			RebuildScriptCaches (66ms)
			SetupLoadedEditorAssemblies (578ms)
				LogAssemblyErrors (0ms)
				InitializePlatformSupportModulesInManaged (25ms)
				SetLoadedEditorAssemblies (1ms)
				RefreshPlugins (1ms)
				BeforeProcessingInitializeOnLoad (134ms)
				ProcessInitializeOnLoadAttributes (354ms)
				ProcessInitializeOnLoadMethodAttributes (37ms)
				AfterProcessingInitializeOnLoad (26ms)
				EditorAssembliesLoaded (0ms)
			ExecutionOrderSort2 (0ms)
			AwakeInstancesAfterBackupRestoration (15ms)
Platform modules already initialized, skipping
Refreshing native plugins compatible for Editor in 3.41 ms, found 3 plugins.
Preloading 0 native plugins for Editor in 0.00 ms.
Unloading 3068 Unused Serialized files (Serialized files now loaded: 0)
Unloading 17 unused Assets / (79.9 KB). Loaded Objects now: 3566.
Memory consumption went from 112.6 MB to 112.6 MB.
Total: 3.613400 ms (FindLiveObjects: 0.267900 ms CreateObjectMapping: 0.220100 ms MarkObjects: 3.031400 ms  DeleteObjects: 0.093000 ms)

AssetImportParameters requested are different than current active one (requested -> active):
  custom:video-decoder-ogg-theora: a1e56fd34408186e4bbccfd4996cb3dc -> 
  custom:container-muxer-webm: aa71ff27fc2769a1b78a27578f13a17b -> 
  custom:container-demuxer-webm: 4f35f7cbe854078d1ac9338744f61a02 -> 
  custom:video-encoder-webm-vp8: eb34c28f22e8b96e1ab97ce403110664 -> 
  custom:audio-encoder-webm-vorbis: bf7c407c2cedff20999df2af8eb42d56 -> 
  custom:framework-win-MediaFoundation: 216162199b28c13a410421893ffa2e32 -> 
  custom:container-demuxer-ogg: 62fdf1f143b41e24485cea50d1cbac27 -> 
  custom:video-decoder-webm-vp8: 9c59270c3fd7afecdb556c50c9e8de78 -> 
  custom:audio-decoder-ogg-vorbis: bf7c407c2cedff20999df2af8eb42d56 -> 
========================================================================
Received Import Request.
  Time since last request: 430.722313 seconds.
  path: Assets/Space Shooter Template FREE
  artifactKey: Guid(f9278d8c5221d6f4792b1a38429e0fdc) Importer(815301076,1909f56bfc062723c751e8b465ee728b)
Start importing Assets/Space Shooter Template FREE using Guid(f9278d8c5221d6f4792b1a38429e0fdc) Importer(815301076,1909f56bfc062723c751e8b465ee728b)  -> (artifact id: 'a15f71c83f718a8fcf5a874d3f96adf6') in 0.018594 seconds 
========================================================================
Received Import Request.
  Time since last request: 2.441600 seconds.
  path: Assets/Space Shooter Template FREE/Prefabs
  artifactKey: Guid(5522156366836864596d5814f41b4c96) Importer(815301076,1909f56bfc062723c751e8b465ee728b)
Start importing Assets/Space Shooter Template FREE/Prefabs using Guid(5522156366836864596d5814f41b4c96) Importer(815301076,1909f56bfc062723c751e8b465ee728b)  -> (artifact id: 'ba764880630e083ce0b824a64b9a9fc8') in 0.012392 seconds 
========================================================================
Received Import Request.
  Time since last request: 0.024774 seconds.
  path: Assets/Space Shooter Template FREE/Prefabs/Game_Controller.prefab
  artifactKey: Guid(01cf4a33fc66cde4abc060ccfeadeb5a) Importer(815301076,1909f56bfc062723c751e8b465ee728b)
Start importing Assets/Space Shooter Template FREE/Prefabs/Game_Controller.prefab using Guid(01cf4a33fc66cde4abc060ccfeadeb5a) Importer(815301076,1909f56bfc062723c751e8b465ee728b)  -> (artifact id: 'b5ddefa0c8398c26f2de3848ce8aaea9') in 0.063631 seconds 
========================================================================
Received Import Request.
  Time since last request: 1.166749 seconds.
  path: Assets/Space Shooter Template FREE/Prefabs/Enemies
  artifactKey: Guid(68f73100dcbe66642b13b8767fdf7660) Importer(815301076,1909f56bfc062723c751e8b465ee728b)
Start importing Assets/Space Shooter Template FREE/Prefabs/Enemies using Guid(68f73100dcbe66642b13b8767fdf7660) Importer(815301076,1909f56bfc062723c751e8b465ee728b)  -> (artifact id: '416106445ffce5bb3a323a5fb6833d25') in 0.012827 seconds 
========================================================================
Received Import Request.
  Time since last request: 0.040622 seconds.
  path: Assets/Space Shooter Template FREE/Prefabs/Enemies/Enemy_Boss01.prefab
  artifactKey: Guid(fb1ed255a78dcc043ad348fccc59298c) Importer(815301076,1909f56bfc062723c751e8b465ee728b)
Start importing Assets/Space Shooter Template FREE/Prefabs/Enemies/Enemy_Boss01.prefab using Guid(fb1ed255a78dcc043ad348fccc59298c) Importer(815301076,1909f56bfc062723c751e8b465ee728b)  -> (artifact id: '73c8c7c8ad2c3f8d3416bd3f93a8017f') in 0.093000 seconds 
========================================================================
Received Import Request.
  Time since last request: 5.519002 seconds.
  path: Assets/Space Shooter Template FREE/Prefabs/Enemies/Enemy_Boss01.prefab
  artifactKey: Guid(fb1ed255a78dcc043ad348fccc59298c) Importer(815301076,1909f56bfc062723c751e8b465ee728b)
Start importing Assets/Space Shooter Template FREE/Prefabs/Enemies/Enemy_Boss01.prefab using Guid(fb1ed255a78dcc043ad348fccc59298c) Importer(815301076,1909f56bfc062723c751e8b465ee728b)  -> (artifact id: '067e53bd3c18ae3f58d549c4812d00ba') in 0.036921 seconds 
========================================================================
Received Import Request.
  Time since last request: 7.020179 seconds.
  path: Assets/2D Space Kit/Ships and Stations/Alien 1.png
  artifactKey: Guid(f7eb00cb3ec9bab45b85d561558c4250) Importer(815301076,1909f56bfc062723c751e8b465ee728b)
Start importing Assets/2D Space Kit/Ships and Stations/Alien 1.png using Guid(f7eb00cb3ec9bab45b85d561558c4250) Importer(815301076,1909f56bfc062723c751e8b465ee728b)  -> (artifact id: 'a896c6c38aea0a5c34a50250d45bbab9') in 0.243417 seconds 
========================================================================
Received Import Request.
  Time since last request: 0.077296 seconds.
  path: Assets/2D Space Kit/Ships and Stations/Alien 3.png
  artifactKey: Guid(9323a6c37ab7cee46aff0f07c38607a9) Importer(815301076,1909f56bfc062723c751e8b465ee728b)
Start importing Assets/2D Space Kit/Ships and Stations/Alien 3.png using Guid(9323a6c37ab7cee46aff0f07c38607a9) Importer(815301076,1909f56bfc062723c751e8b465ee728b)  -> (artifact id: 'cf63f81fee08d8171cca6251402f2677') in 5.970563 seconds 
========================================================================
Received Import Request.
  Time since last request: 0.000232 seconds.
  path: Assets/2D Space Kit/Ships and Stations/Frigate 2.png
  artifactKey: Guid(a39f5d360eb38284fb54a62672b5ec9f) Importer(815301076,1909f56bfc062723c751e8b465ee728b)
Start importing Assets/2D Space Kit/Ships and Stations/Frigate 2.png using Guid(a39f5d360eb38284fb54a62672b5ec9f) Importer(815301076,1909f56bfc062723c751e8b465ee728b)  -> (artifact id: 'dcb2ba1b4690f579e153431be4dc0915') in 0.346632 seconds 
========================================================================
Received Import Request.
  Time since last request: 0.000060 seconds.
  path: Assets/2D Space Kit/Ships and Stations/Cruiser 3.png
  artifactKey: Guid(c4f8a01fad80ab74f8e250b688d74a55) Importer(815301076,1909f56bfc062723c751e8b465ee728b)
Start importing Assets/2D Space Kit/Ships and Stations/Cruiser 3.png using Guid(c4f8a01fad80ab74f8e250b688d74a55) Importer(815301076,1909f56bfc062723c751e8b465ee728b)  -> (artifact id: '4b4a869468c29ee679fc7995d72841e5') in 0.072501 seconds 
========================================================================
Received Import Request.
  Time since last request: 0.000036 seconds.
  path: Assets/2D Space Kit/Ships and Stations/Fighter 2.png
  artifactKey: Guid(394b5b0edcab9644e883ef25893924dd) Importer(815301076,1909f56bfc062723c751e8b465ee728b)
Start importing Assets/2D Space Kit/Ships and Stations/Fighter 2.png using Guid(394b5b0edcab9644e883ef25893924dd) Importer(815301076,1909f56bfc062723c751e8b465ee728b)  -> (artifact id: '3bbe4517da927a72a70c6f5c185ea3bd') in 0.092129 seconds 
========================================================================
Received Import Request.
  Time since last request: 0.000041 seconds.
  path: Assets/2D Space Kit/Ships and Stations/Frigate 1.png
  artifactKey: Guid(e72b5607b24dd3247a7168ad745086fb) Importer(815301076,1909f56bfc062723c751e8b465ee728b)
Start importing Assets/2D Space Kit/Ships and Stations/Frigate 1.png using Guid(e72b5607b24dd3247a7168ad745086fb) Importer(815301076,1909f56bfc062723c751e8b465ee728b)  -> (artifact id: '99e12b5b4e98a11a52b60a5d79b4ea79') in 0.074417 seconds 
========================================================================
Received Import Request.
  Time since last request: 211.215493 seconds.
  path: Assets/Sprite Assets/Muzzle_flashes.psd
  artifactKey: Guid(4101f6f26fbfce842b742e38432fe0d1) Importer(815301076,1909f56bfc062723c751e8b465ee728b)
Start importing Assets/Sprite Assets/Muzzle_flashes.psd using Guid(4101f6f26fbfce842b742e38432fe0d1) Importer(815301076,1909f56bfc062723c751e8b465ee728b)  -> (artifact id: '3d80a3a208dc6ae785840f5f378eae05') in 0.044073 seconds 
========================================================================
Received Import Request.
  Time since last request: 63.949450 seconds.
  path: Assets/Sprite Assets/Spaceship-Parts.psd
  artifactKey: Guid(e0203789d36630443816c3ca232bac90) Importer(815301076,1909f56bfc062723c751e8b465ee728b)
Start importing Assets/Sprite Assets/Spaceship-Parts.psd using Guid(e0203789d36630443816c3ca232bac90) Importer(815301076,1909f56bfc062723c751e8b465ee728b)  -> (artifact id: 'c533c467d877f40fd1e40594fcfd7ae0') in 0.063039 seconds 
========================================================================
Received Import Request.
  Time since last request: 244.097423 seconds.
  path: Assets/Sprite Assets/Spaceship-Parts 1.psd
  artifactKey: Guid(4e9e1dc84eb759249b64ccdebe73847a) Importer(815301076,1909f56bfc062723c751e8b465ee728b)
Start importing Assets/Sprite Assets/Spaceship-Parts 1.psd using Guid(4e9e1dc84eb759249b64ccdebe73847a) Importer(815301076,1909f56bfc062723c751e8b465ee728b)  -> (artifact id: 'fe98c0d42b3a0402e55fbc90ea0b3ae7') in 0.053179 seconds 
========================================================================
Received Import Request.
  Time since last request: 11.825238 seconds.
  path: Assets/Sprite Assets/barrier-frontier-spaceships.psd
  artifactKey: Guid(f296a049f0ca47e499539e5ac6f41b13) Importer(815301076,1909f56bfc062723c751e8b465ee728b)
Start importing Assets/Sprite Assets/barrier-frontier-spaceships.psd using Guid(f296a049f0ca47e499539e5ac6f41b13) Importer(815301076,1909f56bfc062723c751e8b465ee728b)  -> (artifact id: '2cf04b0db95044756496ee23d08a2318') in 0.157785 seconds 
========================================================================
Received Import Request.
  Time since last request: 75.897988 seconds.
  path: Assets/Sprite Assets/barrier-frontier-spaceships.png
  artifactKey: Guid(36db9a1a264272e45a3a9745e9102289) Importer(815301076,1909f56bfc062723c751e8b465ee728b)
Start importing Assets/Sprite Assets/barrier-frontier-spaceships.png using Guid(36db9a1a264272e45a3a9745e9102289) Importer(815301076,1909f56bfc062723c751e8b465ee728b)  -> (artifact id: '5873ee1a3b057b572f444a1874a85bfc') in 0.161218 seconds 
========================================================================
Received Prepare
Registering precompiled user dll's ...
Registered in 0.012729 seconds.
Begin MonoManager ReloadAssembly
Symbol file LoadedFromMemory doesn't match image C:\Users\jimenezmu\Documents\Videogame-design\GalacticComrade\Library\PackageCache\com.unity.visualscripting@1.8.0\Editor\VisualScripting.Core\Dependencies\YamlDotNet\Unity.VisualScripting.YamlDotNet.dll
Symbol file LoadedFromMemory doesn't match image C:\Users\jimenezmu\Documents\Videogame-design\GalacticComrade\Library\PackageCache\com.unity.visualscripting@1.8.0\Editor\VisualScripting.Core\Dependencies\DotNetZip\Unity.VisualScripting.IonicZip.dll
Native extension for WindowsStandalone target not found
Refreshing native plugins compatible for Editor in 0.71 ms, found 3 plugins.
Preloading 0 native plugins for Editor in 0.00 ms.
Mono: successfully reloaded assembly
- Completed reload, in  1.739 seconds
Domain Reload Profiling:
	ReloadAssembly (1740ms)
		BeginReloadAssembly (208ms)
			ExecutionOrderSort (0ms)
			DisableScriptedObjects (7ms)
			BackupInstance (0ms)
			ReleaseScriptingObjects (0ms)
			CreateAndSetChildDomain (42ms)
		EndReloadAssembly (1362ms)
			LoadAssemblies (156ms)
			RebuildTransferFunctionScriptingTraits (0ms)
			SetupTypeCache (477ms)
			ReleaseScriptCaches (2ms)
			RebuildScriptCaches (78ms)
			SetupLoadedEditorAssemblies (557ms)
				LogAssemblyErrors (0ms)
				InitializePlatformSupportModulesInManaged (25ms)
				SetLoadedEditorAssemblies (1ms)
				RefreshPlugins (1ms)
				BeforeProcessingInitializeOnLoad (124ms)
				ProcessInitializeOnLoadAttributes (341ms)
				ProcessInitializeOnLoadMethodAttributes (39ms)
				AfterProcessingInitializeOnLoad (26ms)
				EditorAssembliesLoaded (0ms)
			ExecutionOrderSort2 (0ms)
			AwakeInstancesAfterBackupRestoration (13ms)
Platform modules already initialized, skipping
Refreshing native plugins compatible for Editor in 3.36 ms, found 3 plugins.
Preloading 0 native plugins for Editor in 0.00 ms.
Unloading 3068 Unused Serialized files (Serialized files now loaded: 0)
Unloading 19 unused Assets / (80.6 KB). Loaded Objects now: 3599.
Memory consumption went from 112.8 MB to 112.7 MB.
Total: 5.525900 ms (FindLiveObjects: 0.305000 ms CreateObjectMapping: 0.248600 ms MarkObjects: 4.642400 ms  DeleteObjects: 0.328500 ms)

AssetImportParameters requested are different than current active one (requested -> active):
  custom:video-decoder-ogg-theora: a1e56fd34408186e4bbccfd4996cb3dc -> 
  custom:container-muxer-webm: aa71ff27fc2769a1b78a27578f13a17b -> 
  custom:container-demuxer-webm: 4f35f7cbe854078d1ac9338744f61a02 -> 
  custom:video-encoder-webm-vp8: eb34c28f22e8b96e1ab97ce403110664 -> 
  custom:audio-encoder-webm-vorbis: bf7c407c2cedff20999df2af8eb42d56 -> 
  custom:framework-win-MediaFoundation: 216162199b28c13a410421893ffa2e32 -> 
  custom:container-demuxer-ogg: 62fdf1f143b41e24485cea50d1cbac27 -> 
  custom:video-decoder-webm-vp8: 9c59270c3fd7afecdb556c50c9e8de78 -> 
  custom:audio-decoder-ogg-vorbis: bf7c407c2cedff20999df2af8eb42d56 -> 
========================================================================
Received Import Request.
  Time since last request: 920.007824 seconds.
  path: Assets/Space Shooter Template FREE/Prefabs/Enemies/Enemy_Boss01.prefab
  artifactKey: Guid(fb1ed255a78dcc043ad348fccc59298c) Importer(815301076,1909f56bfc062723c751e8b465ee728b)
Start importing Assets/Space Shooter Template FREE/Prefabs/Enemies/Enemy_Boss01.prefab using Guid(fb1ed255a78dcc043ad348fccc59298c) Importer(815301076,1909f56bfc062723c751e8b465ee728b)  -> (artifact id: '65dee55c6b93169d5ee0a2a02932b1f2') in 0.104250 seconds 
========================================================================
Received Import Request.
  Time since last request: 5.753536 seconds.
  path: Assets/Sprite Assets/png
  artifactKey: Guid(77d748d4e760891459ccef85830f5adf) Importer(815301076,1909f56bfc062723c751e8b465ee728b)
Start importing Assets/Sprite Assets/png using Guid(77d748d4e760891459ccef85830f5adf) Importer(815301076,1909f56bfc062723c751e8b465ee728b)  -> (artifact id: '1d9e3eaf62c829d5c117ed2836b93035') in 0.013268 seconds 
========================================================================
Received Import Request.
  Time since last request: 0.044106 seconds.
  path: Assets/Sprite Assets/png/ship (1).png
  artifactKey: Guid(6f9704b58dfdf9a418bf2a2125b586d0) Importer(815301076,1909f56bfc062723c751e8b465ee728b)
Start importing Assets/Sprite Assets/png/ship (1).png using Guid(6f9704b58dfdf9a418bf2a2125b586d0) Importer(815301076,1909f56bfc062723c751e8b465ee728b)  -> (artifact id: '6724998b3c9dda4dd0a5ff27674b240f') in 0.577859 seconds 
========================================================================
Received Import Request.
  Time since last request: 0.000032 seconds.
  path: Assets/Sprite Assets/png/Ship.png
  artifactKey: Guid(edb25031071d8b144bebca762ad202d1) Importer(815301076,1909f56bfc062723c751e8b465ee728b)
Start importing Assets/Sprite Assets/png/Ship.png using Guid(edb25031071d8b144bebca762ad202d1) Importer(815301076,1909f56bfc062723c751e8b465ee728b)  -> (artifact id: '0985d2d85a7f79421d3886979890dac8') in 5.212114 seconds 
========================================================================
Received Import Request.
  Time since last request: 0.000038 seconds.
  path: Assets/Sprite Assets/Engine_exhaust/Engine_exhaust1_frames.psd
  artifactKey: Guid(f58cd88c68b09a2478cca6d4cef31b05) Importer(815301076,1909f56bfc062723c751e8b465ee728b)
Start importing Assets/Sprite Assets/Engine_exhaust/Engine_exhaust1_frames.psd using Guid(f58cd88c68b09a2478cca6d4cef31b05) Importer(815301076,1909f56bfc062723c751e8b465ee728b)  -> (artifact id: 'ddde1c8eafb487971e50c3336e893bc2') in 0.027245 seconds 
========================================================================
Received Import Request.
  Time since last request: 0.000359 seconds.
  path: Assets/Sprite Assets/png/ship (11).png
  artifactKey: Guid(f9cb833bb0215454b803fe9be5772956) Importer(815301076,1909f56bfc062723c751e8b465ee728b)
Start importing Assets/Sprite Assets/png/ship (11).png using Guid(f9cb833bb0215454b803fe9be5772956) Importer(815301076,1909f56bfc062723c751e8b465ee728b)  -> (artifact id: 'e5cb03b300d1c4b8df05ff8227df39cc') in 0.053312 seconds 
========================================================================
Received Import Request.
  Time since last request: 0.000030 seconds.
  path: Assets/Sprite Assets/png/ship (12).png
  artifactKey: Guid(e43d8adb52f10354d8d6493dc94a3ec9) Importer(815301076,1909f56bfc062723c751e8b465ee728b)
Start importing Assets/Sprite Assets/png/ship (12).png using Guid(e43d8adb52f10354d8d6493dc94a3ec9) Importer(815301076,1909f56bfc062723c751e8b465ee728b)  -> (artifact id: '177a8317e9d2e628179b2c197bd4acdb') in 0.185624 seconds 
========================================================================
Received Import Request.
  Time since last request: 0.000027 seconds.
  path: Assets/Sprite Assets/png/ship (7).png
  artifactKey: Guid(eba7017756e8b834abac6f16f53a22cd) Importer(815301076,1909f56bfc062723c751e8b465ee728b)
Start importing Assets/Sprite Assets/png/ship (7).png using Guid(eba7017756e8b834abac6f16f53a22cd) Importer(815301076,1909f56bfc062723c751e8b465ee728b)  -> (artifact id: '96bfe2214bb6c18ec2c9ee294aa7d679') in 0.047790 seconds 
========================================================================
Received Prepare
Registering precompiled user dll's ...
Registered in 0.012017 seconds.
Begin MonoManager ReloadAssembly
Symbol file LoadedFromMemory doesn't match image C:\Users\jimenezmu\Documents\Videogame-design\GalacticComrade\Library\PackageCache\com.unity.visualscripting@1.8.0\Editor\VisualScripting.Core\Dependencies\YamlDotNet\Unity.VisualScripting.YamlDotNet.dll
Symbol file LoadedFromMemory doesn't match image C:\Users\jimenezmu\Documents\Videogame-design\GalacticComrade\Library\PackageCache\com.unity.visualscripting@1.8.0\Editor\VisualScripting.Core\Dependencies\DotNetZip\Unity.VisualScripting.IonicZip.dll
Native extension for WindowsStandalone target not found
Refreshing native plugins compatible for Editor in 0.67 ms, found 3 plugins.
Preloading 0 native plugins for Editor in 0.00 ms.
Mono: successfully reloaded assembly
- Completed reload, in  3.506 seconds
Domain Reload Profiling:
	ReloadAssembly (3507ms)
		BeginReloadAssembly (627ms)
			ExecutionOrderSort (0ms)
			DisableScriptedObjects (10ms)
			BackupInstance (0ms)
			ReleaseScriptingObjects (0ms)
			CreateAndSetChildDomain (132ms)
		EndReloadAssembly (2451ms)
			LoadAssemblies (419ms)
			RebuildTransferFunctionScriptingTraits (0ms)
			SetupTypeCache (927ms)
			ReleaseScriptCaches (5ms)
			RebuildScriptCaches (108ms)
			SetupLoadedEditorAssemblies (1054ms)
				LogAssemblyErrors (0ms)
				InitializePlatformSupportModulesInManaged (35ms)
				SetLoadedEditorAssemblies (1ms)
				RefreshPlugins (1ms)
				BeforeProcessingInitializeOnLoad (161ms)
				ProcessInitializeOnLoadAttributes (737ms)
				ProcessInitializeOnLoadMethodAttributes (88ms)
				AfterProcessingInitializeOnLoad (32ms)
				EditorAssembliesLoaded (0ms)
			ExecutionOrderSort2 (0ms)
			AwakeInstancesAfterBackupRestoration (10ms)
Platform modules already initialized, skipping
Refreshing native plugins compatible for Editor in 2.73 ms, found 3 plugins.
Preloading 0 native plugins for Editor in 0.00 ms.
Unloading 3068 Unused Serialized files (Serialized files now loaded: 0)
Unloading 19 unused Assets / (80.6 KB). Loaded Objects now: 3618.
Memory consumption went from 112.8 MB to 112.8 MB.
Total: 4.702500 ms (FindLiveObjects: 0.418700 ms CreateObjectMapping: 0.485400 ms MarkObjects: 3.644300 ms  DeleteObjects: 0.152800 ms)

AssetImportParameters requested are different than current active one (requested -> active):
  custom:video-decoder-ogg-theora: a1e56fd34408186e4bbccfd4996cb3dc -> 
  custom:container-muxer-webm: aa71ff27fc2769a1b78a27578f13a17b -> 
  custom:container-demuxer-webm: 4f35f7cbe854078d1ac9338744f61a02 -> 
  custom:video-encoder-webm-vp8: eb34c28f22e8b96e1ab97ce403110664 -> 
  custom:audio-encoder-webm-vorbis: bf7c407c2cedff20999df2af8eb42d56 -> 
  custom:framework-win-MediaFoundation: 216162199b28c13a410421893ffa2e32 -> 
  custom:container-demuxer-ogg: 62fdf1f143b41e24485cea50d1cbac27 -> 
  custom:video-decoder-webm-vp8: 9c59270c3fd7afecdb556c50c9e8de78 -> 
  custom:audio-decoder-ogg-vorbis: bf7c407c2cedff20999df2af8eb42d56 -> 
========================================================================
Received Prepare
Registering precompiled user dll's ...
Registered in 0.013063 seconds.
Begin MonoManager ReloadAssembly
Symbol file LoadedFromMemory doesn't match image C:\Users\jimenezmu\Documents\Videogame-design\GalacticComrade\Library\PackageCache\com.unity.visualscripting@1.8.0\Editor\VisualScripting.Core\Dependencies\YamlDotNet\Unity.VisualScripting.YamlDotNet.dll
Symbol file LoadedFromMemory doesn't match image C:\Users\jimenezmu\Documents\Videogame-design\GalacticComrade\Library\PackageCache\com.unity.visualscripting@1.8.0\Editor\VisualScripting.Core\Dependencies\DotNetZip\Unity.VisualScripting.IonicZip.dll
Native extension for WindowsStandalone target not found
Refreshing native plugins compatible for Editor in 0.79 ms, found 3 plugins.
Preloading 0 native plugins for Editor in 0.00 ms.
Mono: successfully reloaded assembly
- Completed reload, in  3.654 seconds
Domain Reload Profiling:
	ReloadAssembly (3659ms)
		BeginReloadAssembly (488ms)
			ExecutionOrderSort (0ms)
			DisableScriptedObjects (30ms)
			BackupInstance (0ms)
			ReleaseScriptingObjects (0ms)
			CreateAndSetChildDomain (143ms)
		EndReloadAssembly (2799ms)
			LoadAssemblies (344ms)
			RebuildTransferFunctionScriptingTraits (0ms)
			SetupTypeCache (995ms)
			ReleaseScriptCaches (9ms)
			RebuildScriptCaches (103ms)
			SetupLoadedEditorAssemblies (1118ms)
				LogAssemblyErrors (0ms)
				InitializePlatformSupportModulesInManaged (71ms)
				SetLoadedEditorAssemblies (1ms)
				RefreshPlugins (1ms)
				BeforeProcessingInitializeOnLoad (241ms)
				ProcessInitializeOnLoadAttributes (642ms)
				ProcessInitializeOnLoadMethodAttributes (73ms)
				AfterProcessingInitializeOnLoad (89ms)
				EditorAssembliesLoaded (1ms)
			ExecutionOrderSort2 (0ms)
			AwakeInstancesAfterBackupRestoration (12ms)
Platform modules already initialized, skipping
Refreshing native plugins compatible for Editor in 4.37 ms, found 3 plugins.
Preloading 0 native plugins for Editor in 0.00 ms.
Unloading 3068 Unused Serialized files (Serialized files now loaded: 0)
Unloading 17 unused Assets / (79.8 KB). Loaded Objects now: 3621.
Memory consumption went from 112.9 MB to 112.8 MB.
Total: 6.686400 ms (FindLiveObjects: 0.390600 ms CreateObjectMapping: 0.209500 ms MarkObjects: 5.975700 ms  DeleteObjects: 0.108900 ms)

AssetImportParameters requested are different than current active one (requested -> active):
  custom:video-decoder-ogg-theora: a1e56fd34408186e4bbccfd4996cb3dc -> 
  custom:container-muxer-webm: aa71ff27fc2769a1b78a27578f13a17b -> 
  custom:container-demuxer-webm: 4f35f7cbe854078d1ac9338744f61a02 -> 
  custom:video-encoder-webm-vp8: eb34c28f22e8b96e1ab97ce403110664 -> 
  custom:audio-encoder-webm-vorbis: bf7c407c2cedff20999df2af8eb42d56 -> 
  custom:framework-win-MediaFoundation: 216162199b28c13a410421893ffa2e32 -> 
  custom:container-demuxer-ogg: 62fdf1f143b41e24485cea50d1cbac27 -> 
  custom:video-decoder-webm-vp8: 9c59270c3fd7afecdb556c50c9e8de78 -> 
  custom:audio-decoder-ogg-vorbis: bf7c407c2cedff20999df2af8eb42d56 -> 
Editor requested this worker to shutdown with reason: Scaling down because of idle timeout
AssetImportWorkerClient::OnTransportError - code=2 error=End of file
AssetImportWorker is now disconnected from the server
Process exiting
Exiting without the bug reporter. Application will terminate with return code 0