Using pre-set license
Built from '2021.3/staging' branch; Version is '2021.3.18f1 (3129e69bc0c7) revision 3221990'; Using compiler version '192829333'; Build Type 'Release'
OS: 'Windows 11  (10.0.22621) 64bit Core' Language: 'es' Physical Memory: 32616 MB
BatchMode: 1, IsHumanControllingUs: 0, StartBugReporterOnCrash: 0, Is64bit: 1, IsPro: 1

COMMAND LINE ARGUMENTS:
C:\Program Files\Unity\Hub\Editor\2021.3.18f1\Editor\Unity.exe
-adb2
-batchMode
-noUpm
-name
AssetImportWorker15
-projectPath
C:/Users/lumij/Documents/Segundo_Prg/Videogame-design/GalacticComrade
-logFile
Logs/AssetImportWorker15.log
-srvPort
56424
Successfully changed project path to: C:/Users/lumij/Documents/Segundo_Prg/Videogame-design/GalacticComrade
C:/Users/lumij/Documents/Segundo_Prg/Videogame-design/GalacticComrade
[UnityMemory] Configuration Parameters - Can be set up in boot.config
    "memorysetup-bucket-allocator-granularity=16"
    "memorysetup-bucket-allocator-bucket-count=8"
    "memorysetup-bucket-allocator-block-size=33554432"
    "memorysetup-bucket-allocator-block-count=8"
    "memorysetup-main-allocator-block-size=16777216"
    "memorysetup-thread-allocator-block-size=16777216"
    "memorysetup-gfx-main-allocator-block-size=16777216"
    "memorysetup-gfx-thread-allocator-block-size=16777216"
    "memorysetup-cache-allocator-block-size=4194304"
    "memorysetup-typetree-allocator-block-size=2097152"
    "memorysetup-profiler-bucket-allocator-granularity=16"
    "memorysetup-profiler-bucket-allocator-bucket-count=8"
    "memorysetup-profiler-bucket-allocator-block-size=33554432"
    "memorysetup-profiler-bucket-allocator-block-count=8"
    "memorysetup-profiler-allocator-block-size=16777216"
    "memorysetup-profiler-editor-allocator-block-size=1048576"
    "memorysetup-temp-allocator-size-main=16777216"
    "memorysetup-job-temp-allocator-block-size=2097152"
    "memorysetup-job-temp-allocator-block-size-background=1048576"
    "memorysetup-job-temp-allocator-reduction-small-platforms=262144"
    "memorysetup-temp-allocator-size-background-worker=32768"
    "memorysetup-temp-allocator-size-job-worker=262144"
    "memorysetup-temp-allocator-size-preload-manager=33554432"
    "memorysetup-temp-allocator-size-nav-mesh-worker=65536"
    "memorysetup-temp-allocator-size-audio-worker=65536"
    "memorysetup-temp-allocator-size-cloud-worker=32768"
    "memorysetup-temp-allocator-size-gi-baking-worker=262144"
    "memorysetup-temp-allocator-size-gfx=262144"
Player connection [46888] Host "[IP] 192.168.1.199 [Port] 0 [Flags] 2 [Guid] 1530248744 [EditorId] 1530248744 [Version] 1048832 [Id] WindowsEditor(7,PC-Luismi) [Debug] 1 [PackageName] WindowsEditor [ProjectName] Editor" joined multi-casting on [225.0.0.222:54997]...

Player connection [46888] Host "[IP] 192.168.1.199 [Port] 0 [Flags] 2 [Guid] 1530248744 [EditorId] 1530248744 [Version] 1048832 [Id] WindowsEditor(7,PC-Luismi) [Debug] 1 [PackageName] WindowsEditor [ProjectName] Editor" joined alternative multi-casting on [225.0.0.222:34997]...

Refreshing native plugins compatible for Editor in 41.90 ms, found 3 plugins.
Preloading 0 native plugins for Editor in 0.00 ms.
Initialize engine version: 2021.3.18f1 (3129e69bc0c7)
[Subsystems] Discovering subsystems at path C:/Program Files/Unity/Hub/Editor/2021.3.18f1/Editor/Data/Resources/UnitySubsystems
[Subsystems] Discovering subsystems at path C:/Users/lumij/Documents/Segundo_Prg/Videogame-design/GalacticComrade/Assets
GfxDevice: creating device client; threaded=0; jobified=0
Direct3D:
    Version:  Direct3D 11.0 [level 11.1]
    Renderer: NVIDIA GeForce RTX 4080 (ID=0x2704)
    Vendor:   NVIDIA
    VRAM:     16064 MB
    Driver:   31.0.15.3699
Initialize mono
Mono path[0] = 'C:/Program Files/Unity/Hub/Editor/2021.3.18f1/Editor/Data/Managed'
Mono path[1] = 'C:/Program Files/Unity/Hub/Editor/2021.3.18f1/Editor/Data/MonoBleedingEdge/lib/mono/unityjit-win32'
Mono config path = 'C:/Program Files/Unity/Hub/Editor/2021.3.18f1/Editor/Data/MonoBleedingEdge/etc'
Using monoOptions --debugger-agent=transport=dt_socket,embedding=1,server=y,suspend=n,address=127.0.0.1:56956
Begin MonoManager ReloadAssembly
Registering precompiled unity dll's ...
Register platform support module: C:/Program Files/Unity/Hub/Editor/2021.3.18f1/Editor/Data/PlaybackEngines/WindowsStandaloneSupport/UnityEditor.WindowsStandalone.Extensions.dll
Registered in 0.003377 seconds.
Native extension for WindowsStandalone target not found
Refreshing native plugins compatible for Editor in 41.19 ms, found 3 plugins.
Preloading 0 native plugins for Editor in 0.00 ms.
Mono: successfully reloaded assembly
- Completed reload, in  0.440 seconds
Domain Reload Profiling:
	ReloadAssembly (440ms)
		BeginReloadAssembly (66ms)
			ExecutionOrderSort (0ms)
			DisableScriptedObjects (0ms)
			BackupInstance (0ms)
			ReleaseScriptingObjects (0ms)
			CreateAndSetChildDomain (0ms)
		EndReloadAssembly (293ms)
			LoadAssemblies (65ms)
			RebuildTransferFunctionScriptingTraits (0ms)
			SetupTypeCache (83ms)
			ReleaseScriptCaches (0ms)
			RebuildScriptCaches (18ms)
			SetupLoadedEditorAssemblies (157ms)
				LogAssemblyErrors (0ms)
				InitializePlatformSupportModulesInManaged (5ms)
				SetLoadedEditorAssemblies (0ms)
				RefreshPlugins (41ms)
				BeforeProcessingInitializeOnLoad (1ms)
				ProcessInitializeOnLoadAttributes (81ms)
				ProcessInitializeOnLoadMethodAttributes (29ms)
				AfterProcessingInitializeOnLoad (0ms)
				EditorAssembliesLoaded (0ms)
			ExecutionOrderSort2 (0ms)
			AwakeInstancesAfterBackupRestoration (0ms)
Platform modules already initialized, skipping
Registering precompiled user dll's ...
Registered in 0.002977 seconds.
Begin MonoManager ReloadAssembly
Symbol file LoadedFromMemory doesn't match image C:\Users\lumij\Documents\Segundo_Prg\Videogame-design\GalacticComrade\Library\PackageCache\com.unity.visualscripting@1.8.0\Editor\VisualScripting.Core\Dependencies\YamlDotNet\Unity.VisualScripting.YamlDotNet.dll
Symbol file LoadedFromMemory doesn't match image C:\Users\lumij\Documents\Segundo_Prg\Videogame-design\GalacticComrade\Library\PackageCache\com.unity.visualscripting@1.8.0\Editor\VisualScripting.Core\Dependencies\DotNetZip\Unity.VisualScripting.IonicZip.dll
Native extension for WindowsStandalone target not found
Refreshing native plugins compatible for Editor in 0.40 ms, found 3 plugins.
Preloading 0 native plugins for Editor in 0.00 ms.
Mono: successfully reloaded assembly
- Completed reload, in  0.572 seconds
Domain Reload Profiling:
	ReloadAssembly (572ms)
		BeginReloadAssembly (65ms)
			ExecutionOrderSort (0ms)
			DisableScriptedObjects (3ms)
			BackupInstance (0ms)
			ReleaseScriptingObjects (0ms)
			CreateAndSetChildDomain (10ms)
		EndReloadAssembly (440ms)
			LoadAssemblies (53ms)
			RebuildTransferFunctionScriptingTraits (0ms)
			SetupTypeCache (146ms)
			ReleaseScriptCaches (0ms)
			RebuildScriptCaches (27ms)
			SetupLoadedEditorAssemblies (194ms)
				LogAssemblyErrors (0ms)
				InitializePlatformSupportModulesInManaged (4ms)
				SetLoadedEditorAssemblies (0ms)
				RefreshPlugins (0ms)
				BeforeProcessingInitializeOnLoad (43ms)
				ProcessInitializeOnLoadAttributes (130ms)
				ProcessInitializeOnLoadMethodAttributes (11ms)
				AfterProcessingInitializeOnLoad (4ms)
				EditorAssembliesLoaded (0ms)
			ExecutionOrderSort2 (0ms)
			AwakeInstancesAfterBackupRestoration (3ms)
Platform modules already initialized, skipping
========================================================================
Worker process is ready to serve import requests
Launched and connected shader compiler UnityShaderCompiler.exe after 0.03 seconds
Refreshing native plugins compatible for Editor in 0.37 ms, found 3 plugins.
Preloading 0 native plugins for Editor in 0.00 ms.
Unloading 3062 Unused Serialized files (Serialized files now loaded: 0)
Unloading 24 unused Assets / (113.3 KB). Loaded Objects now: 3524.
Memory consumption went from 108.0 MB to 107.9 MB.
Total: 1.746600 ms (FindLiveObjects: 0.152500 ms CreateObjectMapping: 0.039800 ms MarkObjects: 1.483300 ms  DeleteObjects: 0.070100 ms)

AssetImportParameters requested are different than current active one (requested -> active):
  custom:video-decoder-ogg-theora: a1e56fd34408186e4bbccfd4996cb3dc -> 
  custom:container-muxer-webm: aa71ff27fc2769a1b78a27578f13a17b -> 
  custom:container-demuxer-webm: 4f35f7cbe854078d1ac9338744f61a02 -> 
  custom:video-encoder-webm-vp8: eb34c28f22e8b96e1ab97ce403110664 -> 
  custom:video-codec-MediaFoundation-h265: 746d11721c4dcdbdad8f713fa42b33f4 -> 
  custom:audio-encoder-webm-vorbis: bf7c407c2cedff20999df2af8eb42d56 -> 
  custom:framework-win-MediaFoundation: 216162199b28c13a410421893ffa2e32 -> 
  custom:container-demuxer-ogg: 62fdf1f143b41e24485cea50d1cbac27 -> 
  custom:video-decoder-webm-vp8: 9c59270c3fd7afecdb556c50c9e8de78 -> 
  custom:audio-decoder-ogg-vorbis: bf7c407c2cedff20999df2af8eb42d56 -> 
========================================================================
Received Import Request.
  Time since last request: 213773.685714 seconds.
  path: Assets/Warped Shooting Fx/Music
  artifactKey: Guid(421e1d1c4b5304d44a70e30d301cb02c) Importer(815301076,1909f56bfc062723c751e8b465ee728b)
Start importing Assets/Warped Shooting Fx/Music using Guid(421e1d1c4b5304d44a70e30d301cb02c) Importer(815301076,1909f56bfc062723c751e8b465ee728b)  -> (artifact id: '13f928456801050ef40b75e416a5adc5') in 0.010624 seconds 
========================================================================
Received Import Request.
  Time since last request: 0.047266 seconds.
  path: Assets/Warped Shooting Fx/Music/warped-shooting-fx.wav
  artifactKey: Guid(e75df5cd9c1f944ce99e585d983fa119) Importer(815301076,1909f56bfc062723c751e8b465ee728b)
Start importing Assets/Warped Shooting Fx/Music/warped-shooting-fx.wav using Guid(e75df5cd9c1f944ce99e585d983fa119) Importer(815301076,1909f56bfc062723c751e8b465ee728b)  -> (artifact id: 'b64eece544d33098f139fb877589ce80') in 0.070878 seconds 
========================================================================
Received Import Request.
  Time since last request: 9.912706 seconds.
  path: Assets/DKP_PixelArt/PixelArtStarshipPackage_TerranFleet/Prefabs
  artifactKey: Guid(dbd4c73fac2c2cf44a251709a2c9b05f) Importer(815301076,1909f56bfc062723c751e8b465ee728b)
Start importing Assets/DKP_PixelArt/PixelArtStarshipPackage_TerranFleet/Prefabs using Guid(dbd4c73fac2c2cf44a251709a2c9b05f) Importer(815301076,1909f56bfc062723c751e8b465ee728b)  -> (artifact id: '3cf7c7dd67c4058e8d78205ce0fd04af') in 0.007245 seconds 
========================================================================
Received Import Request.
  Time since last request: 0.911058 seconds.
  path: Assets/DKP_PixelArt/PixelArtStarshipPackage_TerranFleet/Prefabs/Starships
  artifactKey: Guid(6fe6f25944e75dd46ab9368e820b75d0) Importer(815301076,1909f56bfc062723c751e8b465ee728b)
Start importing Assets/DKP_PixelArt/PixelArtStarshipPackage_TerranFleet/Prefabs/Starships using Guid(6fe6f25944e75dd46ab9368e820b75d0) Importer(815301076,1909f56bfc062723c751e8b465ee728b)  -> (artifact id: '727d2c2d2c6c13eefadfcb097839f298') in 0.008748 seconds 
========================================================================
Received Import Request.
  Time since last request: 1.032768 seconds.
  path: Assets/DKP_PixelArt/PixelArtStarshipPackage_TerranFleet/Prefabs/Starships/Blue
  artifactKey: Guid(ff59b150711a4114ba45856b171ef764) Importer(815301076,1909f56bfc062723c751e8b465ee728b)
Start importing Assets/DKP_PixelArt/PixelArtStarshipPackage_TerranFleet/Prefabs/Starships/Blue using Guid(ff59b150711a4114ba45856b171ef764) Importer(815301076,1909f56bfc062723c751e8b465ee728b)  -> (artifact id: '526e90032a8e848d320a7b948114452c') in 0.008053 seconds 
========================================================================
Received Import Request.
  Time since last request: 0.829448 seconds.
  path: Assets/DKP_PixelArt/PixelArtStarshipPackage_TerranFleet/Prefabs/Starships/Blue/Carrier_Blue_01.prefab
  artifactKey: Guid(3984d1c19762cdb4ab8b9beb50709275) Importer(815301076,1909f56bfc062723c751e8b465ee728b)
Start importing Assets/DKP_PixelArt/PixelArtStarshipPackage_TerranFleet/Prefabs/Starships/Blue/Carrier_Blue_01.prefab using Guid(3984d1c19762cdb4ab8b9beb50709275) Importer(815301076,1909f56bfc062723c751e8b465ee728b)  -> (artifact id: 'bba37f2a239df2eade0eeef7c2d561e4') in 0.030105 seconds 
========================================================================
Received Import Request.
  Time since last request: 0.010123 seconds.
  path: Assets/DKP_PixelArt/PixelArtStarshipPackage_TerranFleet/Prefabs/Starships/Blue/SmallStarship_Blue_01.prefab
  artifactKey: Guid(f31ad93bd976eb748892c4307da6c3ac) Importer(815301076,1909f56bfc062723c751e8b465ee728b)
Start importing Assets/DKP_PixelArt/PixelArtStarshipPackage_TerranFleet/Prefabs/Starships/Blue/SmallStarship_Blue_01.prefab using Guid(f31ad93bd976eb748892c4307da6c3ac) Importer(815301076,1909f56bfc062723c751e8b465ee728b)  -> (artifact id: '8540ad45b06d7370b933595b572824af') in 0.017382 seconds 
========================================================================
Received Import Request.
  Time since last request: 0.000016 seconds.
  path: Assets/DKP_PixelArt/PixelArtStarshipPackage_TerranFleet/Prefabs/Starships/Blue/SmallFrighter_Blue_01.prefab
  artifactKey: Guid(3f276e15489df7d43b627e170bf11092) Importer(815301076,1909f56bfc062723c751e8b465ee728b)
Start importing Assets/DKP_PixelArt/PixelArtStarshipPackage_TerranFleet/Prefabs/Starships/Blue/SmallFrighter_Blue_01.prefab using Guid(3f276e15489df7d43b627e170bf11092) Importer(815301076,1909f56bfc062723c751e8b465ee728b)  -> (artifact id: 'be489edbae691b2bd7f72790f639df08') in 0.012094 seconds 
========================================================================
Received Import Request.
  Time since last request: 0.000017 seconds.
  path: Assets/DKP_PixelArt/PixelArtStarshipPackage_TerranFleet/Prefabs/Starships/Blue/MediumStarship_Blue_05.prefab
  artifactKey: Guid(877c80e7db7b512488ee08f77e1ac3a9) Importer(815301076,1909f56bfc062723c751e8b465ee728b)
Start importing Assets/DKP_PixelArt/PixelArtStarshipPackage_TerranFleet/Prefabs/Starships/Blue/MediumStarship_Blue_05.prefab using Guid(877c80e7db7b512488ee08f77e1ac3a9) Importer(815301076,1909f56bfc062723c751e8b465ee728b)  -> (artifact id: 'd17cd08d23c4c2b6108aaf3c82f8525a') in 0.012759 seconds 
========================================================================
Received Import Request.
  Time since last request: 0.000015 seconds.
  path: Assets/DKP_PixelArt/PixelArtStarshipPackage_TerranFleet/Prefabs/Starships/Blue/SuperCarrier_Blue_01.prefab
  artifactKey: Guid(6225ab60f248ea643912784e656441dd) Importer(815301076,1909f56bfc062723c751e8b465ee728b)
Start importing Assets/DKP_PixelArt/PixelArtStarshipPackage_TerranFleet/Prefabs/Starships/Blue/SuperCarrier_Blue_01.prefab using Guid(6225ab60f248ea643912784e656441dd) Importer(815301076,1909f56bfc062723c751e8b465ee728b)  -> (artifact id: '77ebc889764de38cf0d3acee276b8cbb') in 0.014105 seconds 
========================================================================
Received Import Request.
  Time since last request: 27.440054 seconds.
  path: Assets/DKP_PixelArt/PixelArtStarshipPackage_TerranFleet/Prefabs/CargoContainers
  artifactKey: Guid(14becfbe62550b0498246d1c8627c4d2) Importer(815301076,1909f56bfc062723c751e8b465ee728b)
Start importing Assets/DKP_PixelArt/PixelArtStarshipPackage_TerranFleet/Prefabs/CargoContainers using Guid(14becfbe62550b0498246d1c8627c4d2) Importer(815301076,1909f56bfc062723c751e8b465ee728b)  -> (artifact id: '8945b5c9764f5428408b5a702e80ae78') in 0.010172 seconds 
========================================================================
Received Import Request.
  Time since last request: 0.061621 seconds.
  path: Assets/DKP_PixelArt/PixelArtStarshipPackage_TerranFleet/Prefabs/CargoContainers/Cargo_BlueBox_Left.prefab
  artifactKey: Guid(400887968102bd646b69dedcfeeee749) Importer(815301076,1909f56bfc062723c751e8b465ee728b)
Start importing Assets/DKP_PixelArt/PixelArtStarshipPackage_TerranFleet/Prefabs/CargoContainers/Cargo_BlueBox_Left.prefab using Guid(400887968102bd646b69dedcfeeee749) Importer(815301076,1909f56bfc062723c751e8b465ee728b)  -> (artifact id: '2c28fac171ddd064b2d215b6a241933c') in 0.017936 seconds 
========================================================================
Received Import Request.
  Time since last request: 0.000018 seconds.
  path: Assets/DKP_PixelArt/PixelArtStarshipPackage_TerranFleet/Prefabs/CargoContainers/Cargo_GreenBox_Right.prefab
  artifactKey: Guid(0866afd3c5562654681205c40b056e40) Importer(815301076,1909f56bfc062723c751e8b465ee728b)
Start importing Assets/DKP_PixelArt/PixelArtStarshipPackage_TerranFleet/Prefabs/CargoContainers/Cargo_GreenBox_Right.prefab using Guid(0866afd3c5562654681205c40b056e40) Importer(815301076,1909f56bfc062723c751e8b465ee728b)  -> (artifact id: '5baa01b2918e97f25b54fa5418bfa03a') in 0.012768 seconds 
========================================================================
Received Import Request.
  Time since last request: 0.000014 seconds.
  path: Assets/DKP_PixelArt/PixelArtStarshipPackage_TerranFleet/Prefabs/CargoContainers/Cargo_GrayBox_RightSmall.prefab
  artifactKey: Guid(a36897a1b00b3af4a85fd0aa41f824e0) Importer(815301076,1909f56bfc062723c751e8b465ee728b)
Start importing Assets/DKP_PixelArt/PixelArtStarshipPackage_TerranFleet/Prefabs/CargoContainers/Cargo_GrayBox_RightSmall.prefab using Guid(a36897a1b00b3af4a85fd0aa41f824e0) Importer(815301076,1909f56bfc062723c751e8b465ee728b)  -> (artifact id: '287bb4446dba98638e85f734139dd463') in 0.019097 seconds 
========================================================================
Received Import Request.
  Time since last request: 0.000015 seconds.
  path: Assets/DKP_PixelArt/PixelArtStarshipPackage_TerranFleet/Prefabs/CargoContainers/Cargo_BrownLarge2.prefab
  artifactKey: Guid(4f622d38a96d5f84a886278e56028fc1) Importer(815301076,1909f56bfc062723c751e8b465ee728b)
Start importing Assets/DKP_PixelArt/PixelArtStarshipPackage_TerranFleet/Prefabs/CargoContainers/Cargo_BrownLarge2.prefab using Guid(4f622d38a96d5f84a886278e56028fc1) Importer(815301076,1909f56bfc062723c751e8b465ee728b)  -> (artifact id: 'bc21ef116d64e1e1ddc6ebd19f907431') in 0.013007 seconds 
========================================================================
Received Import Request.
  Time since last request: 0.000019 seconds.
  path: Assets/DKP_PixelArt/PixelArtStarshipPackage_TerranFleet/Prefabs/CargoContainers/Cargo_TanBox_RightSmall.prefab
  artifactKey: Guid(a342c703d3089b6459804192c925f81a) Importer(815301076,1909f56bfc062723c751e8b465ee728b)
Start importing Assets/DKP_PixelArt/PixelArtStarshipPackage_TerranFleet/Prefabs/CargoContainers/Cargo_TanBox_RightSmall.prefab using Guid(a342c703d3089b6459804192c925f81a) Importer(815301076,1909f56bfc062723c751e8b465ee728b)  -> (artifact id: '2bbae1d69f219a03a4e6f3ea7bd3b20b') in 0.010945 seconds 
========================================================================
Received Import Request.
  Time since last request: 0.000018 seconds.
  path: Assets/DKP_PixelArt/PixelArtStarshipPackage_TerranFleet/Prefabs/CargoContainers/Cargo_BrownBox_Left.prefab
  artifactKey: Guid(9eb59dc3ae8868d4e8b9ebaa4cff2744) Importer(815301076,1909f56bfc062723c751e8b465ee728b)
Start importing Assets/DKP_PixelArt/PixelArtStarshipPackage_TerranFleet/Prefabs/CargoContainers/Cargo_BrownBox_Left.prefab using Guid(9eb59dc3ae8868d4e8b9ebaa4cff2744) Importer(815301076,1909f56bfc062723c751e8b465ee728b)  -> (artifact id: '03730607f97eea10f2e3b886b22561aa') in 0.012844 seconds 
========================================================================
Received Import Request.
  Time since last request: 0.000015 seconds.
  path: Assets/DKP_PixelArt/PixelArtStarshipPackage_TerranFleet/Prefabs/CargoContainers/Cargo_GreenBox_Left.prefab
  artifactKey: Guid(7871e94561528d34181d7f893163b9cf) Importer(815301076,1909f56bfc062723c751e8b465ee728b)
Start importing Assets/DKP_PixelArt/PixelArtStarshipPackage_TerranFleet/Prefabs/CargoContainers/Cargo_GreenBox_Left.prefab using Guid(7871e94561528d34181d7f893163b9cf) Importer(815301076,1909f56bfc062723c751e8b465ee728b)  -> (artifact id: 'cdf48fbdb1d1728c742606d4b6a4dc1d') in 0.014498 seconds 
Editor requested this worker to shutdown with reason: Scaling down because of idle timeout
AssetImportWorker is now disconnected from the server
Process exiting
Exiting without the bug reporter. Application will terminate with return code 0