Using pre-set license
Built from '2021.3/staging' branch; Version is '2021.3.18f1 (3129e69bc0c7) revision 3221990'; Using compiler version '192829333'; Build Type 'Release'
OS: 'Windows 11  (10.0.22631) 64bit Core' Language: 'es' Physical Memory: 32471 MB
BatchMode: 1, IsHumanControllingUs: 0, StartBugReporterOnCrash: 0, Is64bit: 1, IsPro: 1

COMMAND LINE ARGUMENTS:
C:\Program Files\Unity 2021.3.18f1\Editor\Unity.exe
-adb2
-batchMode
-noUpm
-name
AssetImportWorker3
-projectPath
C:/Users/User/Documents/Segundo Prg/Videogame-design/GalacticComrade
-logFile
Logs/AssetImportWorker3.log
-srvPort
52790
Successfully changed project path to: C:/Users/User/Documents/Segundo Prg/Videogame-design/GalacticComrade
C:/Users/User/Documents/Segundo Prg/Videogame-design/GalacticComrade
[UnityMemory] Configuration Parameters - Can be set up in boot.config
    "memorysetup-bucket-allocator-granularity=16"
    "memorysetup-bucket-allocator-bucket-count=8"
    "memorysetup-bucket-allocator-block-size=33554432"
    "memorysetup-bucket-allocator-block-count=8"
    "memorysetup-main-allocator-block-size=16777216"
    "memorysetup-thread-allocator-block-size=16777216"
    "memorysetup-gfx-main-allocator-block-size=16777216"
    "memorysetup-gfx-thread-allocator-block-size=16777216"
    "memorysetup-cache-allocator-block-size=4194304"
    "memorysetup-typetree-allocator-block-size=2097152"
    "memorysetup-profiler-bucket-allocator-granularity=16"
    "memorysetup-profiler-bucket-allocator-bucket-count=8"
    "memorysetup-profiler-bucket-allocator-block-size=33554432"
    "memorysetup-profiler-bucket-allocator-block-count=8"
    "memorysetup-profiler-allocator-block-size=16777216"
    "memorysetup-profiler-editor-allocator-block-size=1048576"
    "memorysetup-temp-allocator-size-main=16777216"
    "memorysetup-job-temp-allocator-block-size=2097152"
    "memorysetup-job-temp-allocator-block-size-background=1048576"
    "memorysetup-job-temp-allocator-reduction-small-platforms=262144"
    "memorysetup-temp-allocator-size-background-worker=32768"
    "memorysetup-temp-allocator-size-job-worker=262144"
    "memorysetup-temp-allocator-size-preload-manager=33554432"
    "memorysetup-temp-allocator-size-nav-mesh-worker=65536"
    "memorysetup-temp-allocator-size-audio-worker=65536"
    "memorysetup-temp-allocator-size-cloud-worker=32768"
    "memorysetup-temp-allocator-size-gi-baking-worker=262144"
    "memorysetup-temp-allocator-size-gfx=262144"
Player connection [25980] Host "[IP] 192.168.8.168 [Port] 0 [Flags] 2 [Guid] 3622324241 [EditorId] 3622324241 [Version] 1048832 [Id] WindowsEditor(7,DESKTOP-SE574VV) [Debug] 1 [PackageName] WindowsEditor [ProjectName] Editor" joined multi-casting on [225.0.0.222:54997]...

Player connection [25980] Host "[IP] 192.168.8.168 [Port] 0 [Flags] 2 [Guid] 3622324241 [EditorId] 3622324241 [Version] 1048832 [Id] WindowsEditor(7,DESKTOP-SE574VV) [Debug] 1 [PackageName] WindowsEditor [ProjectName] Editor" joined alternative multi-casting on [225.0.0.222:34997]...

Refreshing native plugins compatible for Editor in 47.01 ms, found 3 plugins.
Preloading 0 native plugins for Editor in 0.00 ms.
Initialize engine version: 2021.3.18f1 (3129e69bc0c7)
[Subsystems] Discovering subsystems at path C:/Program Files/Unity 2021.3.18f1/Editor/Data/Resources/UnitySubsystems
[Subsystems] Discovering subsystems at path C:/Users/User/Documents/Segundo Prg/Videogame-design/GalacticComrade/Assets
GfxDevice: creating device client; threaded=0; jobified=0
Direct3D:
    Version:  Direct3D 11.0 [level 11.1]
    Renderer: NVIDIA GeForce RTX 4060 Laptop GPU (ID=0x28a0)
    Vendor:   NVIDIA
    VRAM:     7971 MB
    Driver:   31.0.15.2892
Initialize mono
Mono path[0] = 'C:/Program Files/Unity 2021.3.18f1/Editor/Data/Managed'
Mono path[1] = 'C:/Program Files/Unity 2021.3.18f1/Editor/Data/MonoBleedingEdge/lib/mono/unityjit-win32'
Mono config path = 'C:/Program Files/Unity 2021.3.18f1/Editor/Data/MonoBleedingEdge/etc'
Using monoOptions --debugger-agent=transport=dt_socket,embedding=1,server=y,suspend=n,address=127.0.0.1:56212
Begin MonoManager ReloadAssembly
Registering precompiled unity dll's ...
Register platform support module: C:/Program Files/Unity 2021.3.18f1/Editor/Data/PlaybackEngines/WindowsStandaloneSupport/UnityEditor.WindowsStandalone.Extensions.dll
Registered in 0.001847 seconds.
Native extension for WindowsStandalone target not found
Refreshing native plugins compatible for Editor in 49.04 ms, found 3 plugins.
Preloading 0 native plugins for Editor in 0.00 ms.
Mono: successfully reloaded assembly
- Completed reload, in  0.447 seconds
Domain Reload Profiling:
	ReloadAssembly (447ms)
		BeginReloadAssembly (53ms)
			ExecutionOrderSort (0ms)
			DisableScriptedObjects (0ms)
			BackupInstance (0ms)
			ReleaseScriptingObjects (0ms)
			CreateAndSetChildDomain (1ms)
		EndReloadAssembly (325ms)
			LoadAssemblies (50ms)
			RebuildTransferFunctionScriptingTraits (0ms)
			SetupTypeCache (64ms)
			ReleaseScriptCaches (0ms)
			RebuildScriptCaches (21ms)
			SetupLoadedEditorAssemblies (204ms)
				LogAssemblyErrors (0ms)
				InitializePlatformSupportModulesInManaged (4ms)
				SetLoadedEditorAssemblies (0ms)
				RefreshPlugins (49ms)
				BeforeProcessingInitializeOnLoad (2ms)
				ProcessInitializeOnLoadAttributes (116ms)
				ProcessInitializeOnLoadMethodAttributes (32ms)
				AfterProcessingInitializeOnLoad (0ms)
				EditorAssembliesLoaded (0ms)
			ExecutionOrderSort2 (0ms)
			AwakeInstancesAfterBackupRestoration (0ms)
Platform modules already initialized, skipping
Registering precompiled user dll's ...
Registered in 0.002724 seconds.
Begin MonoManager ReloadAssembly
Symbol file LoadedFromMemory doesn't match image C:\Users\User\Documents\Segundo Prg\Videogame-design\GalacticComrade\Library\PackageCache\com.unity.visualscripting@1.8.0\Editor\VisualScripting.Core\Dependencies\YamlDotNet\Unity.VisualScripting.YamlDotNet.dll
Symbol file LoadedFromMemory doesn't match image C:\Users\User\Documents\Segundo Prg\Videogame-design\GalacticComrade\Library\PackageCache\com.unity.visualscripting@1.8.0\Editor\VisualScripting.Core\Dependencies\DotNetZip\Unity.VisualScripting.IonicZip.dll
Native extension for WindowsStandalone target not found
Refreshing native plugins compatible for Editor in 0.37 ms, found 3 plugins.
Preloading 0 native plugins for Editor in 0.00 ms.
Mono: successfully reloaded assembly
- Completed reload, in  0.621 seconds
Domain Reload Profiling:
	ReloadAssembly (621ms)
		BeginReloadAssembly (67ms)
			ExecutionOrderSort (0ms)
			DisableScriptedObjects (4ms)
			BackupInstance (0ms)
			ReleaseScriptingObjects (0ms)
			CreateAndSetChildDomain (12ms)
		EndReloadAssembly (484ms)
			LoadAssemblies (45ms)
			RebuildTransferFunctionScriptingTraits (0ms)
			SetupTypeCache (157ms)
			ReleaseScriptCaches (0ms)
			RebuildScriptCaches (31ms)
			SetupLoadedEditorAssemblies (225ms)
				LogAssemblyErrors (0ms)
				InitializePlatformSupportModulesInManaged (3ms)
				SetLoadedEditorAssemblies (0ms)
				RefreshPlugins (0ms)
				BeforeProcessingInitializeOnLoad (47ms)
				ProcessInitializeOnLoadAttributes (156ms)
				ProcessInitializeOnLoadMethodAttributes (16ms)
				AfterProcessingInitializeOnLoad (3ms)
				EditorAssembliesLoaded (0ms)
			ExecutionOrderSort2 (0ms)
			AwakeInstancesAfterBackupRestoration (4ms)
Platform modules already initialized, skipping
========================================================================
Worker process is ready to serve import requests
Launched and connected shader compiler UnityShaderCompiler.exe after 0.04 seconds
Refreshing native plugins compatible for Editor in 0.48 ms, found 3 plugins.
Preloading 0 native plugins for Editor in 0.00 ms.
Unloading 3073 Unused Serialized files (Serialized files now loaded: 0)
Unloading 24 unused Assets / (113.4 KB). Loaded Objects now: 3535.
Memory consumption went from 108.3 MB to 108.2 MB.
Total: 3.501200 ms (FindLiveObjects: 0.190600 ms CreateObjectMapping: 0.087200 ms MarkObjects: 3.122800 ms  DeleteObjects: 0.099600 ms)

AssetImportParameters requested are different than current active one (requested -> active):
  custom:video-decoder-ogg-theora: a1e56fd34408186e4bbccfd4996cb3dc -> 
  custom:container-muxer-webm: aa71ff27fc2769a1b78a27578f13a17b -> 
  custom:container-demuxer-webm: 4f35f7cbe854078d1ac9338744f61a02 -> 
  custom:video-encoder-webm-vp8: eb34c28f22e8b96e1ab97ce403110664 -> 
  custom:video-codec-MediaFoundation-h265: 746d11721c4dcdbdad8f713fa42b33f4 -> 
  custom:audio-encoder-webm-vorbis: bf7c407c2cedff20999df2af8eb42d56 -> 
  custom:framework-win-MediaFoundation: 216162199b28c13a410421893ffa2e32 -> 
  custom:container-demuxer-ogg: 62fdf1f143b41e24485cea50d1cbac27 -> 
  custom:video-decoder-webm-vp8: 9c59270c3fd7afecdb556c50c9e8de78 -> 
  custom:audio-decoder-ogg-vorbis: bf7c407c2cedff20999df2af8eb42d56 -> 
========================================================================
Received Import Request.
  Time since last request: 86675.040976 seconds.
  path: Assets/Sprite Assets/Example_ships/3.png
  artifactKey: Guid(3f5dcd4a224b2914c824f9ff9b821f5b) Importer(815301076,1909f56bfc062723c751e8b465ee728b)
Start importing Assets/Sprite Assets/Example_ships/3.png using Guid(3f5dcd4a224b2914c824f9ff9b821f5b) Importer(815301076,1909f56bfc062723c751e8b465ee728b)  -> (artifact id: '7c79d3a7a68af83c897feccc333e1e4c') in 0.124912 seconds 
========================================================================
Received Import Request.
  Time since last request: 0.000021 seconds.
  path: Assets/Sprite Assets/Example_ships/12B.png
  artifactKey: Guid(aba249230b50adc4299f90a6b6ee3b7d) Importer(815301076,1909f56bfc062723c751e8b465ee728b)
Start importing Assets/Sprite Assets/Example_ships/12B.png using Guid(aba249230b50adc4299f90a6b6ee3b7d) Importer(815301076,1909f56bfc062723c751e8b465ee728b)  -> (artifact id: '52d282ebdba2b904c20c9f469f49aad7') in 0.028727 seconds 
========================================================================
Received Import Request.
  Time since last request: 0.000020 seconds.
  path: Assets/Sprite Assets/Example_ships/13.png
  artifactKey: Guid(f6f644ea17c03e4418771aa395ac33ba) Importer(815301076,1909f56bfc062723c751e8b465ee728b)
Start importing Assets/Sprite Assets/Example_ships/13.png using Guid(f6f644ea17c03e4418771aa395ac33ba) Importer(815301076,1909f56bfc062723c751e8b465ee728b)  -> (artifact id: 'ba47f8773cfd059fd78c2ccbb210be87') in 0.031063 seconds 
========================================================================
Received Import Request.
  Time since last request: 0.000026 seconds.
  path: Assets/Sprite Assets/Example_ships/5.png
  artifactKey: Guid(0abdd18afad2149498e8dc5449580e63) Importer(815301076,1909f56bfc062723c751e8b465ee728b)
Start importing Assets/Sprite Assets/Example_ships/5.png using Guid(0abdd18afad2149498e8dc5449580e63) Importer(815301076,1909f56bfc062723c751e8b465ee728b)  -> (artifact id: '5c6fee84fc799d7a8a8c7cd3d278a1f8') in 0.028896 seconds 
========================================================================
Received Import Request.
  Time since last request: 13.777023 seconds.
  path: Assets/Sprite Assets/Alien-Ships/Alien-Destroyer.psd
  artifactKey: Guid(49cfd3df906956f44bcec083655c9738) Importer(815301076,1909f56bfc062723c751e8b465ee728b)
Start importing Assets/Sprite Assets/Alien-Ships/Alien-Destroyer.psd using Guid(49cfd3df906956f44bcec083655c9738) Importer(815301076,1909f56bfc062723c751e8b465ee728b)  -> (artifact id: '5c76cdb5f11d4c27d09b06f35ea6dde8') in 0.110072 seconds 
========================================================================
Received Import Request.
  Time since last request: 14.502176 seconds.
  path: Assets/Warped Shooting Fx/Pixel Art/Hits/Hit-1/hits-1-5.png
  artifactKey: Guid(99e36729618df468b8a418b22c04d92d) Importer(815301076,1909f56bfc062723c751e8b465ee728b)
Start importing Assets/Warped Shooting Fx/Pixel Art/Hits/Hit-1/hits-1-5.png using Guid(99e36729618df468b8a418b22c04d92d) Importer(815301076,1909f56bfc062723c751e8b465ee728b)  -> (artifact id: 'e84146e0c95aaf815b323a144bcd9c5f') in 0.086793 seconds 
========================================================================
Received Import Request.
  Time since last request: 8.749779 seconds.
  path: Assets/Warped Shooting Fx/Pixel Art/Spark/spark-preview5.png
  artifactKey: Guid(5b61f03e0d7454180bf8bedc78a29ab9) Importer(815301076,1909f56bfc062723c751e8b465ee728b)
Start importing Assets/Warped Shooting Fx/Pixel Art/Spark/spark-preview5.png using Guid(5b61f03e0d7454180bf8bedc78a29ab9) Importer(815301076,1909f56bfc062723c751e8b465ee728b)  -> (artifact id: 'df2df7e0c3ced06f01ce7aedc0b66382') in 0.069241 seconds 
========================================================================
Received Import Request.
  Time since last request: 10.118353 seconds.
  path: Assets/DinV/Dynamic Space Background/Sprites/Stars-Big_1.png
  artifactKey: Guid(c6944f9f15bd0ca4087bcdf033f0e162) Importer(815301076,1909f56bfc062723c751e8b465ee728b)
Start importing Assets/DinV/Dynamic Space Background/Sprites/Stars-Big_1.png using Guid(c6944f9f15bd0ca4087bcdf033f0e162) Importer(815301076,1909f56bfc062723c751e8b465ee728b)  -> (artifact id: '5f36dc69615c67abaddf72b136544fde') in 0.199754 seconds 
========================================================================
Received Import Request.
  Time since last request: 5.174099 seconds.
  path: Assets/2D Space Kit/Debris/Debris (5).png
  artifactKey: Guid(f0e169203ece9a743b398a34d45a0269) Importer(815301076,1909f56bfc062723c751e8b465ee728b)
Start importing Assets/2D Space Kit/Debris/Debris (5).png using Guid(f0e169203ece9a743b398a34d45a0269) Importer(815301076,1909f56bfc062723c751e8b465ee728b)  -> (artifact id: '409506d6b2fc5152924764fc6e4f4775') in 0.069209 seconds 
========================================================================
Received Import Request.
  Time since last request: 6.837116 seconds.
  path: Assets/2D Space Kit/Particles (Sprites)/DustSpray (1).png
  artifactKey: Guid(0c46a108de586de4da749c8c5ba30ec3) Importer(815301076,1909f56bfc062723c751e8b465ee728b)
Start importing Assets/2D Space Kit/Particles (Sprites)/DustSpray (1).png using Guid(0c46a108de586de4da749c8c5ba30ec3) Importer(815301076,1909f56bfc062723c751e8b465ee728b)  -> (artifact id: '74465a9500c82f7c105d3826624a406a') in 0.064988 seconds 
========================================================================
Received Import Request.
  Time since last request: 0.000025 seconds.
  path: Assets/2D Space Kit/Particles (Sprites)/Projectile Thin.png
  artifactKey: Guid(2b9d02daf092f1f4589868061e46f087) Importer(815301076,1909f56bfc062723c751e8b465ee728b)
Start importing Assets/2D Space Kit/Particles (Sprites)/Projectile Thin.png using Guid(2b9d02daf092f1f4589868061e46f087) Importer(815301076,1909f56bfc062723c751e8b465ee728b)  -> (artifact id: 'd6325f0d7ce1f3ead9037cda16047fc0') in 0.042739 seconds 
========================================================================
Received Import Request.
  Time since last request: 0.000018 seconds.
  path: Assets/2D Space Kit/Particles (Sprites)/Shield Bubble.png
  artifactKey: Guid(1932640e6cf290044a4ee6967192234d) Importer(815301076,1909f56bfc062723c751e8b465ee728b)
Start importing Assets/2D Space Kit/Particles (Sprites)/Shield Bubble.png using Guid(1932640e6cf290044a4ee6967192234d) Importer(815301076,1909f56bfc062723c751e8b465ee728b)  -> (artifact id: 'a8feace9a8f1814676084fe14265d870') in 0.050562 seconds 
========================================================================
Received Import Request.
  Time since last request: 17.239654 seconds.
  path: Assets/2D Space Kit/Particles (Sprites)/Materials/Flare.mat
  artifactKey: Guid(04e9f0951fd12334985bb0e8ff7e7fd7) Importer(815301076,1909f56bfc062723c751e8b465ee728b)
Start importing Assets/2D Space Kit/Particles (Sprites)/Materials/Flare.mat using Guid(04e9f0951fd12334985bb0e8ff7e7fd7) Importer(815301076,1909f56bfc062723c751e8b465ee728b)  -> (artifact id: '05a415e78c78669ea7772dbbfdb79c56') in 0.107472 seconds 
Editor requested this worker to shutdown with reason: Scaling down because of idle timeout
AssetImportWorkerClient::OnTransportError - code=2 error=End of file
AssetImportWorker is now disconnected from the server
Process exiting
Exiting without the bug reporter. Application will terminate with return code 0